<?xml version="1.0" encoding="UTF-8" standalone="no"?>
<!DOCTYPE log SYSTEM "logger.dtd">
<log>
<record>
  <date>2019-07-10T11:11:46</date>
  <millis>1562775106733</millis>
  <sequence>0</sequence>
  <level>START</level>
  <class>com.kms.katalon.core.logging.XmlKeywordLogger</class>
  <method>startSuite</method>
  <thread>1</thread>
  <message>Start Test Suite : Test Suites/TS_Comprobante con While en RC</message>
  <nestedLevel>0</nestedLevel>
  <property name="name">TS_Comprobante con While en RC</property>
  <property name="description"></property>
  <property name="id">Test Suites/TS_Comprobante con While en RC</property>
</record>
<record>
  <date>2019-07-10T11:11:46</date>
  <millis>1562775106784</millis>
  <sequence>1</sequence>
  <level>RUN_DATA</level>
  <class>com.kms.katalon.core.logging.XmlKeywordLogger</class>
  <method>logMessage</method>
  <thread>1</thread>
  <message>hostName = vale262268 - VALE262268-11.siigo.com</message>
  <nestedLevel>0</nestedLevel>
  <property name="hostName">vale262268 - VALE262268-11.siigo.com</property>
</record>
<record>
  <date>2019-07-10T11:11:46</date>
  <millis>1562775106787</millis>
  <sequence>2</sequence>
  <level>RUN_DATA</level>
  <class>com.kms.katalon.core.logging.XmlKeywordLogger</class>
  <method>logMessage</method>
  <thread>1</thread>
  <message>os = Windows 10 64bit</message>
  <nestedLevel>0</nestedLevel>
  <property name="os">Windows 10 64bit</property>
</record>
<record>
  <date>2019-07-10T11:11:46</date>
  <millis>1562775106827</millis>
  <sequence>3</sequence>
  <level>RUN_DATA</level>
  <class>com.kms.katalon.core.logging.XmlKeywordLogger</class>
  <method>logMessage</method>
  <thread>1</thread>
  <message>hostAddress = 192.192.192.52</message>
  <nestedLevel>0</nestedLevel>
  <property name="hostAddress">192.192.192.52</property>
</record>
<record>
  <date>2019-07-10T11:11:46</date>
  <millis>1562775106835</millis>
  <sequence>4</sequence>
  <level>RUN_DATA</level>
  <class>com.kms.katalon.core.logging.XmlKeywordLogger</class>
  <method>logMessage</method>
  <thread>1</thread>
  <message>katalonVersion = 6.2.0.1</message>
  <nestedLevel>0</nestedLevel>
  <property name="katalonVersion">6.2.0.1</property>
</record>
<record>
  <date>2019-07-10T11:11:47</date>
  <millis>1562775107448</millis>
  <sequence>5</sequence>
  <level>START</level>
  <class>com.kms.katalon.core.logging.XmlKeywordLogger</class>
  <method>startTest</method>
  <thread>1</thread>
  <message>Start Test Case : Test Cases/RC_Ingreso Sin menu</message>
  <nestedLevel>1</nestedLevel>
  <property name="name">Test Cases/RC_Ingreso Sin menu</property>
  <property name="description"></property>
  <property name="id">Test Cases/RC_Ingreso Sin menu</property>
  <property name="source">C:\\Users\\vale262268\\Katalon Studio\\TS_Comprobante_Contable\\Test Cases\\RC_Ingreso Sin menu.tc</property>
  <property name="tag"></property>
  <property name="isOptional">false</property>
</record>
<record>
  <date>2019-07-10T11:11:47</date>
  <millis>1562775107492</millis>
  <sequence>7</sequence>
  <level>INFO</level>
  <class>com.kms.katalon.core.logging.XmlKeywordLogger</class>
  <method>logMessage</method>
  <thread>1</thread>
  <message>Direccion = http://co076nt35:8650</message>
  <nestedLevel>1</nestedLevel>
</record>
<record>
  <date>2019-07-10T11:11:47</date>
  <millis>1562775107495</millis>
  <sequence>8</sequence>
  <level>INFO</level>
  <class>com.kms.katalon.core.logging.XmlKeywordLogger</class>
  <method>logMessage</method>
  <thread>1</thread>
  <message>Usuario = administrador_650@emprendedor.com</message>
  <nestedLevel>1</nestedLevel>
</record>
<record>
  <date>2019-07-10T11:11:47</date>
  <millis>1562775107498</millis>
  <sequence>9</sequence>
  <level>INFO</level>
  <class>com.kms.katalon.core.logging.XmlKeywordLogger</class>
  <method>logMessage</method>
  <thread>1</thread>
  <message>Contrasena = 2222</message>
  <nestedLevel>1</nestedLevel>
</record>
<record>
  <date>2019-07-10T11:11:48</date>
  <millis>1562775108551</millis>
  <sequence>10</sequence>
  <level>START</level>
  <class>com.kms.katalon.core.logging.XmlKeywordLogger</class>
  <method>startKeyword</method>
  <thread>1</thread>
  <message>Start action : callTestCase(findTestCase(\&amp;quot;TS_Login/TC_Login\&amp;quot;), [\&amp;quot;Direccion\&amp;quot;:Direccion, \&amp;quot;Usuario\&amp;quot;:Usuario, \&amp;quot;Contrasena\&amp;quot;:Contrasena], STOP_ON_FAILURE)</message>
  <nestedLevel>1</nestedLevel>
  <property name="startLine">16</property>
  <property name="stepIndex">1</property>
</record>
<record>
  <date>2019-07-10T11:11:48</date>
  <millis>1562775108966</millis>
  <sequence>13</sequence>
  <level>START</level>
  <class>com.kms.katalon.core.logging.XmlKeywordLogger</class>
  <method>startTest</method>
  <thread>1</thread>
  <message>Start Test Case : Test Cases/TS_Login/TC_Login</message>
  <nestedLevel>2</nestedLevel>
  <property name="name">Test Cases/TS_Login/TC_Login</property>
  <property name="description"></property>
  <property name="id">Test Cases/TS_Login/TC_Login</property>
  <property name="source">C:\\Users\\vale262268\\Katalon Studio\\TS_Comprobante_Contable\\Test Cases\\TS_Login\\TC_Login.tc</property>
  <property name="tag"></property>
  <property name="isOptional">false</property>
</record>
<record>
  <date>2019-07-10T11:11:49</date>
  <millis>1562775109013</millis>
  <sequence>15</sequence>
  <level>INFO</level>
  <class>com.kms.katalon.core.logging.XmlKeywordLogger</class>
  <method>logMessage</method>
  <thread>1</thread>
  <message>Direccion = http://co076nt35:8650</message>
  <nestedLevel>2</nestedLevel>
</record>
<record>
  <date>2019-07-10T11:11:49</date>
  <millis>1562775109015</millis>
  <sequence>16</sequence>
  <level>INFO</level>
  <class>com.kms.katalon.core.logging.XmlKeywordLogger</class>
  <method>logMessage</method>
  <thread>1</thread>
  <message>Usuario = administrador_650@emprendedor.com</message>
  <nestedLevel>2</nestedLevel>
</record>
<record>
  <date>2019-07-10T11:11:49</date>
  <millis>1562775109019</millis>
  <sequence>17</sequence>
  <level>INFO</level>
  <class>com.kms.katalon.core.logging.XmlKeywordLogger</class>
  <method>logMessage</method>
  <thread>1</thread>
  <message>Contrasena = 2222</message>
  <nestedLevel>2</nestedLevel>
</record>
<record>
  <date>2019-07-10T11:11:49</date>
  <millis>1562775109693</millis>
  <sequence>18</sequence>
  <level>START</level>
  <class>com.kms.katalon.core.logging.XmlKeywordLogger</class>
  <method>startKeyword</method>
  <thread>1</thread>
  <message>Start action : openBrowser(Direccion)</message>
  <nestedLevel>1</nestedLevel>
  <property name="startLine">17</property>
  <property name="stepIndex">1</property>
</record>
<record>
  <date>2019-07-10T11:11:50</date>
  <millis>1562775110331</millis>
  <sequence>20</sequence>
  <level>INFO</level>
  <class>com.kms.katalon.core.logging.XmlKeywordLogger</class>
  <method>logMessage</method>
  <thread>1</thread>
  <message>Starting &amp;apos;Chrome&amp;apos; driver</message>
  <nestedLevel>2</nestedLevel>
</record>
<record>
  <date>2019-07-10T11:11:50</date>
  <millis>1562775110474</millis>
  <sequence>22</sequence>
  <level>INFO</level>
  <class>com.kms.katalon.core.logging.XmlKeywordLogger</class>
  <method>logMessage</method>
  <thread>1</thread>
  <message>Action delay is set to 0 seconds</message>
  <nestedLevel>2</nestedLevel>
</record>
<record>
  <date>2019-07-10T11:11:58</date>
  <millis>1562775118387</millis>
  <sequence>24</sequence>
  <level>RUN_DATA</level>
  <class>com.kms.katalon.core.logging.XmlKeywordLogger</class>
  <method>logMessage</method>
  <thread>1</thread>
  <message>sessionId = 317d7697928ef16f616e451ea06ca12d</message>
  <nestedLevel>2</nestedLevel>
  <property name="sessionId">317d7697928ef16f616e451ea06ca12d</property>
</record>
<record>
  <date>2019-07-10T11:11:58</date>
  <millis>1562775118566</millis>
  <sequence>25</sequence>
  <level>RUN_DATA</level>
  <class>com.kms.katalon.core.logging.XmlKeywordLogger</class>
  <method>logMessage</method>
  <thread>1</thread>
  <message>browser = Chrome 75.0.3770.100</message>
  <nestedLevel>2</nestedLevel>
  <property name="browser">Chrome 75.0.3770.100</property>
</record>
<record>
  <date>2019-07-10T11:11:58</date>
  <millis>1562775118566</millis>
  <sequence>26</sequence>
  <level>RUN_DATA</level>
  <class>com.kms.katalon.core.logging.XmlKeywordLogger</class>
  <method>logMessage</method>
  <thread>1</thread>
  <message>platform = Windows 10</message>
  <nestedLevel>2</nestedLevel>
  <property name="platform">Windows 10</property>
</record>
<record>
  <date>2019-07-10T11:11:58</date>
  <millis>1562775118567</millis>
  <sequence>27</sequence>
  <level>RUN_DATA</level>
  <class>com.kms.katalon.core.logging.XmlKeywordLogger</class>
  <method>logMessage</method>
  <thread>1</thread>
  <message>seleniumVersion = 3.141.59</message>
  <nestedLevel>2</nestedLevel>
  <property name="seleniumVersion">3.141.59</property>
</record>
<record>
  <date>2019-07-10T11:11:58</date>
  <millis>1562775118569</millis>
  <sequence>28</sequence>
  <level>RUN_DATA</level>
  <class>com.kms.katalon.core.logging.XmlKeywordLogger</class>
  <method>logMessage</method>
  <thread>1</thread>
  <message>proxyInformation = ProxyInformation{proxyOption=NO_PROXY, proxyServerType=HTTP, password=, proxyServerAddress=, proxyServerPort=0}</message>
  <nestedLevel>2</nestedLevel>
  <property name="proxyInformation">ProxyInformation{proxyOption=NO_PROXY, proxyServerType=HTTP, password=, proxyServerAddress=, proxyServerPort=0}</property>
</record>
<record>
  <date>2019-07-10T11:12:00</date>
  <millis>1562775120677</millis>
  <sequence>30</sequence>
  <level>PASSED</level>
  <class>com.kms.katalon.core.logging.XmlKeywordLogger</class>
  <method>logMessage</method>
  <thread>1</thread>
  <message>Browser is opened with url: &amp;apos;http://co076nt35:8650&amp;apos;</message>
  <nestedLevel>2</nestedLevel>
</record>
<record>
  <date>2019-07-10T11:12:00</date>
  <millis>1562775120678</millis>
  <sequence>31</sequence>
  <level>END</level>
  <class>com.kms.katalon.core.logging.XmlKeywordLogger</class>
  <method>endKeyword</method>
  <thread>1</thread>
  <message>End action : openBrowser(Direccion)</message>
  <nestedLevel>1</nestedLevel>
</record>
<record>
  <date>2019-07-10T11:12:00</date>
  <millis>1562775120678</millis>
  <sequence>32</sequence>
  <level>START</level>
  <class>com.kms.katalon.core.logging.XmlKeywordLogger</class>
  <method>startKeyword</method>
  <thread>1</thread>
  <message>Start action : maximizeWindow()</message>
  <nestedLevel>1</nestedLevel>
  <property name="startLine">19</property>
  <property name="stepIndex">2</property>
</record>
<record>
  <date>2019-07-10T11:12:02</date>
  <millis>1562775122104</millis>
  <sequence>34</sequence>
  <level>PASSED</level>
  <class>com.kms.katalon.core.logging.XmlKeywordLogger</class>
  <method>logMessage</method>
  <thread>1</thread>
  <message>Current window maximized</message>
  <nestedLevel>2</nestedLevel>
</record>
<record>
  <date>2019-07-10T11:12:02</date>
  <millis>1562775122105</millis>
  <sequence>35</sequence>
  <level>END</level>
  <class>com.kms.katalon.core.logging.XmlKeywordLogger</class>
  <method>endKeyword</method>
  <thread>1</thread>
  <message>End action : maximizeWindow()</message>
  <nestedLevel>1</nestedLevel>
</record>
<record>
  <date>2019-07-10T11:12:02</date>
  <millis>1562775122105</millis>
  <sequence>36</sequence>
  <level>START</level>
  <class>com.kms.katalon.core.logging.XmlKeywordLogger</class>
  <method>startKeyword</method>
  <thread>1</thread>
  <message>Start action : setText(findTestObject(\&amp;quot;Object Repository/Page_iSiigo/txt_Usuario\&amp;quot;), \&amp;quot;administrador_650@emprendedor.com\&amp;quot;)</message>
  <nestedLevel>1</nestedLevel>
  <property name="startLine">21</property>
  <property name="stepIndex">3</property>
</record>
<record>
  <date>2019-07-10T11:12:03</date>
  <millis>1562775123378</millis>
  <sequence>45</sequence>
  <level>PASSED</level>
  <class>com.kms.katalon.core.logging.XmlKeywordLogger</class>
  <method>logMessage</method>
  <thread>1</thread>
  <message>Text &amp;apos;administrador_650@emprendedor.com&amp;apos; is set on object &amp;apos;Object Repository/Page_iSiigo/txt_Usuario&amp;apos;</message>
  <nestedLevel>2</nestedLevel>
</record>
<record>
  <date>2019-07-10T11:12:03</date>
  <millis>1562775123379</millis>
  <sequence>46</sequence>
  <level>END</level>
  <class>com.kms.katalon.core.logging.XmlKeywordLogger</class>
  <method>endKeyword</method>
  <thread>1</thread>
  <message>End action : setText(findTestObject(\&amp;quot;Object Repository/Page_iSiigo/txt_Usuario\&amp;quot;), \&amp;quot;administrador_650@emprendedor.com\&amp;quot;)</message>
  <nestedLevel>1</nestedLevel>
</record>
<record>
  <date>2019-07-10T11:12:03</date>
  <millis>1562775123380</millis>
  <sequence>47</sequence>
  <level>START</level>
  <class>com.kms.katalon.core.logging.XmlKeywordLogger</class>
  <method>startKeyword</method>
  <thread>1</thread>
  <message>Start action : setText(findTestObject(\&amp;quot;Object Repository/Page_iSiigo/txt_Contrasena\&amp;quot;), \&amp;quot;2222\&amp;quot;)</message>
  <nestedLevel>1</nestedLevel>
  <property name="startLine">23</property>
  <property name="stepIndex">4</property>
</record>
<record>
  <date>2019-07-10T11:12:03</date>
  <millis>1562775123732</millis>
  <sequence>56</sequence>
  <level>PASSED</level>
  <class>com.kms.katalon.core.logging.XmlKeywordLogger</class>
  <method>logMessage</method>
  <thread>1</thread>
  <message>Text &amp;apos;2222&amp;apos; is set on object &amp;apos;Object Repository/Page_iSiigo/txt_Contrasena&amp;apos;</message>
  <nestedLevel>2</nestedLevel>
</record>
<record>
  <date>2019-07-10T11:12:03</date>
  <millis>1562775123733</millis>
  <sequence>57</sequence>
  <level>END</level>
  <class>com.kms.katalon.core.logging.XmlKeywordLogger</class>
  <method>endKeyword</method>
  <thread>1</thread>
  <message>End action : setText(findTestObject(\&amp;quot;Object Repository/Page_iSiigo/txt_Contrasena\&amp;quot;), \&amp;quot;2222\&amp;quot;)</message>
  <nestedLevel>1</nestedLevel>
</record>
<record>
  <date>2019-07-10T11:12:03</date>
  <millis>1562775123733</millis>
  <sequence>58</sequence>
  <level>START</level>
  <class>com.kms.katalon.core.logging.XmlKeywordLogger</class>
  <method>startKeyword</method>
  <thread>1</thread>
  <message>Start action : click(findTestObject(\&amp;quot;Object Repository/Page_iSiigo/btn_Ingresar\&amp;quot;))</message>
  <nestedLevel>1</nestedLevel>
  <property name="startLine">25</property>
  <property name="stepIndex">5</property>
</record>
<record>
  <date>2019-07-10T11:12:04</date>
  <millis>1562775124094</millis>
  <sequence>65</sequence>
  <level>PASSED</level>
  <class>com.kms.katalon.core.logging.XmlKeywordLogger</class>
  <method>logMessage</method>
  <thread>1</thread>
  <message>Object: &amp;apos;Object Repository/Page_iSiigo/btn_Ingresar&amp;apos; is clicked on</message>
  <nestedLevel>2</nestedLevel>
</record>
<record>
  <date>2019-07-10T11:12:04</date>
  <millis>1562775124095</millis>
  <sequence>66</sequence>
  <level>END</level>
  <class>com.kms.katalon.core.logging.XmlKeywordLogger</class>
  <method>endKeyword</method>
  <thread>1</thread>
  <message>End action : click(findTestObject(\&amp;quot;Object Repository/Page_iSiigo/btn_Ingresar\&amp;quot;))</message>
  <nestedLevel>1</nestedLevel>
</record>
<record>
  <date>2019-07-10T11:12:04</date>
  <millis>1562775124096</millis>
  <sequence>67</sequence>
  <level>START</level>
  <class>com.kms.katalon.core.logging.XmlKeywordLogger</class>
  <method>startKeyword</method>
  <thread>1</thread>
  <message>Start action : comment(Direccion)</message>
  <nestedLevel>1</nestedLevel>
  <property name="startLine">27</property>
  <property name="stepIndex">6</property>
</record>
<record>
  <date>2019-07-10T11:12:04</date>
  <millis>1562775124107</millis>
  <sequence>68</sequence>
  <level>INFO</level>
  <class>com.kms.katalon.core.logging.XmlKeywordLogger</class>
  <method>logMessage</method>
  <thread>1</thread>
  <message>http://co076nt35:8650</message>
  <nestedLevel>2</nestedLevel>
</record>
<record>
  <date>2019-07-10T11:12:04</date>
  <millis>1562775124108</millis>
  <sequence>69</sequence>
  <level>END</level>
  <class>com.kms.katalon.core.logging.XmlKeywordLogger</class>
  <method>endKeyword</method>
  <thread>1</thread>
  <message>End action : comment(Direccion)</message>
  <nestedLevel>1</nestedLevel>
</record>
<record>
  <date>2019-07-10T11:12:04</date>
  <millis>1562775124108</millis>
  <sequence>70</sequence>
  <level>PASSED</level>
  <class>com.kms.katalon.core.logging.XmlKeywordLogger</class>
  <method>logMessage</method>
  <thread>1</thread>
  <message>Test Cases/TS_Login/TC_Login</message>
  <nestedLevel>2</nestedLevel>
</record>
<record>
  <date>2019-07-10T11:12:04</date>
  <millis>1562775124109</millis>
  <sequence>71</sequence>
  <level>END</level>
  <class>com.kms.katalon.core.logging.XmlKeywordLogger</class>
  <method>endTest</method>
  <thread>1</thread>
  <message>End Test Case : Test Cases/TS_Login/TC_Login</message>
  <nestedLevel>1</nestedLevel>
</record>
<record>
  <date>2019-07-10T11:12:04</date>
  <millis>1562775124132</millis>
  <sequence>72</sequence>
  <level>PASSED</level>
  <class>com.kms.katalon.core.logging.XmlKeywordLogger</class>
  <method>logMessage</method>
  <thread>1</thread>
  <message>Call Test Case &amp;apos;Test Cases/TS_Login/TC_Login&amp;apos; successfully</message>
  <nestedLevel>1</nestedLevel>
</record>
<record>
  <date>2019-07-10T11:12:04</date>
  <millis>1562775124132</millis>
  <sequence>73</sequence>
  <level>END</level>
  <class>com.kms.katalon.core.logging.XmlKeywordLogger</class>
  <method>endKeyword</method>
  <thread>1</thread>
  <message>End action : callTestCase(findTestCase(\&amp;quot;TS_Login/TC_Login\&amp;quot;), [\&amp;quot;Direccion\&amp;quot;:Direccion, \&amp;quot;Usuario\&amp;quot;:Usuario, \&amp;quot;Contrasena\&amp;quot;:Contrasena], STOP_ON_FAILURE)</message>
  <nestedLevel>1</nestedLevel>
</record>
<record>
  <date>2019-07-10T11:12:04</date>
  <millis>1562775124133</millis>
  <sequence>74</sequence>
  <level>PASSED</level>
  <class>com.kms.katalon.core.logging.XmlKeywordLogger</class>
  <method>logMessage</method>
  <thread>1</thread>
  <message>Test Cases/RC_Ingreso Sin menu</message>
  <nestedLevel>1</nestedLevel>
</record>
<record>
  <date>2019-07-10T11:12:04</date>
  <millis>1562775124133</millis>
  <sequence>75</sequence>
  <level>END</level>
  <class>com.kms.katalon.core.logging.XmlKeywordLogger</class>
  <method>endTest</method>
  <thread>1</thread>
  <message>End Test Case : Test Cases/RC_Ingreso Sin menu</message>
  <nestedLevel>0</nestedLevel>
</record>
<record>
  <date>2019-07-10T11:12:04</date>
  <millis>1562775124148</millis>
  <sequence>76</sequence>
  <level>START</level>
  <class>com.kms.katalon.core.logging.XmlKeywordLogger</class>
  <method>startTest</method>
  <thread>1</thread>
  <message>Start Test Case : Test Cases/RC_CC Con while solo menu</message>
  <nestedLevel>1</nestedLevel>
  <property name="name">Test Cases/RC_CC Con while solo menu</property>
  <property name="description"></property>
  <property name="id">Test Cases/RC_CC Con while solo menu</property>
  <property name="source">C:\\Users\\vale262268\\Katalon Studio\\TS_Comprobante_Contable\\Test Cases\\RC_CC Con while solo menu.tc</property>
  <property name="tag">CC</property>
  <property name="isOptional">false</property>
</record>
<record>
  <date>2019-07-10T11:12:04</date>
  <millis>1562775124173</millis>
  <sequence>78</sequence>
  <level>INFO</level>
  <class>com.kms.katalon.core.logging.XmlKeywordLogger</class>
  <method>logMessage</method>
  <thread>1</thread>
  <message>XLS_Tipo_Comprobante = CC-2 - Depreciaci\u00F3n</message>
  <nestedLevel>1</nestedLevel>
</record>
<record>
  <date>2019-07-10T11:12:04</date>
  <millis>1562775124178</millis>
  <sequence>79</sequence>
  <level>INFO</level>
  <class>com.kms.katalon.core.logging.XmlKeywordLogger</class>
  <method>logMessage</method>
  <thread>1</thread>
  <message>XLS_Maneja_Numeracion_Automatica = SI</message>
  <nestedLevel>1</nestedLevel>
</record>
<record>
  <date>2019-07-10T11:12:04</date>
  <millis>1562775124185</millis>
  <sequence>80</sequence>
  <level>INFO</level>
  <class>com.kms.katalon.core.logging.XmlKeywordLogger</class>
  <method>logMessage</method>
  <thread>1</thread>
  <message>XLS_Numero_Documento = 200</message>
  <nestedLevel>1</nestedLevel>
</record>
<record>
  <date>2019-07-10T11:12:04</date>
  <millis>1562775124186</millis>
  <sequence>81</sequence>
  <level>INFO</level>
  <class>com.kms.katalon.core.logging.XmlKeywordLogger</class>
  <method>logMessage</method>
  <thread>1</thread>
  <message>XLS_Digita_Valida = Valida</message>
  <nestedLevel>1</nestedLevel>
</record>
<record>
  <date>2019-07-10T11:12:04</date>
  <millis>1562775124187</millis>
  <sequence>82</sequence>
  <level>INFO</level>
  <class>com.kms.katalon.core.logging.XmlKeywordLogger</class>
  <method>logMessage</method>
  <thread>1</thread>
  <message>XLS_Fecha_Ano = 2020</message>
  <nestedLevel>1</nestedLevel>
</record>
<record>
  <date>2019-07-10T11:12:04</date>
  <millis>1562775124187</millis>
  <sequence>83</sequence>
  <level>INFO</level>
  <class>com.kms.katalon.core.logging.XmlKeywordLogger</class>
  <method>logMessage</method>
  <thread>1</thread>
  <message>XLS_Fecha_Mes = 1</message>
  <nestedLevel>1</nestedLevel>
</record>
<record>
  <date>2019-07-10T11:12:04</date>
  <millis>1562775124187</millis>
  <sequence>84</sequence>
  <level>INFO</level>
  <class>com.kms.katalon.core.logging.XmlKeywordLogger</class>
  <method>logMessage</method>
  <thread>1</thread>
  <message>XLS_Fecha_Dia = 1</message>
  <nestedLevel>1</nestedLevel>
</record>
<record>
  <date>2019-07-10T11:12:04</date>
  <millis>1562775124188</millis>
  <sequence>85</sequence>
  <level>INFO</level>
  <class>com.kms.katalon.core.logging.XmlKeywordLogger</class>
  <method>logMessage</method>
  <thread>1</thread>
  <message>XLS_Maneja_Moneda_Extranjera = SI</message>
  <nestedLevel>1</nestedLevel>
</record>
<record>
  <date>2019-07-10T11:12:04</date>
  <millis>1562775124188</millis>
  <sequence>86</sequence>
  <level>INFO</level>
  <class>com.kms.katalon.core.logging.XmlKeywordLogger</class>
  <method>logMessage</method>
  <thread>1</thread>
  <message>XLS_Moneda_Extranjera = USD</message>
  <nestedLevel>1</nestedLevel>
</record>
<record>
  <date>2019-07-10T11:12:04</date>
  <millis>1562775124189</millis>
  <sequence>87</sequence>
  <level>INFO</level>
  <class>com.kms.katalon.core.logging.XmlKeywordLogger</class>
  <method>logMessage</method>
  <thread>1</thread>
  <message>XLS_Valor_Tasa_Extranjera = 2990,13</message>
  <nestedLevel>1</nestedLevel>
</record>
<record>
  <date>2019-07-10T11:12:04</date>
  <millis>1562775124189</millis>
  <sequence>88</sequence>
  <level>INFO</level>
  <class>com.kms.katalon.core.logging.XmlKeywordLogger</class>
  <method>logMessage</method>
  <thread>1</thread>
  <message>XLS_No_Comprobante_Enca = 21</message>
  <nestedLevel>1</nestedLevel>
</record>
<record>
  <date>2019-07-10T11:12:04</date>
  <millis>1562775124194</millis>
  <sequence>89</sequence>
  <level>INFO</level>
  <class>com.kms.katalon.core.logging.XmlKeywordLogger</class>
  <method>logMessage</method>
  <thread>1</thread>
  <message>XLS_Tipo_Cuenta = Vencimiento</message>
  <nestedLevel>1</nestedLevel>
</record>
<record>
  <date>2019-07-10T11:12:04</date>
  <millis>1562775124195</millis>
  <sequence>90</sequence>
  <level>INFO</level>
  <class>com.kms.katalon.core.logging.XmlKeywordLogger</class>
  <method>logMessage</method>
  <thread>1</thread>
  <message>XLS_Cuenta = 11050501</message>
  <nestedLevel>1</nestedLevel>
</record>
<record>
  <date>2019-07-10T11:12:04</date>
  <millis>1562775124198</millis>
  <sequence>91</sequence>
  <level>INFO</level>
  <class>com.kms.katalon.core.logging.XmlKeywordLogger</class>
  <method>logMessage</method>
  <thread>1</thread>
  <message>XLS_Descripcion = Solo Creacion</message>
  <nestedLevel>1</nestedLevel>
</record>
<record>
  <date>2019-07-10T11:12:04</date>
  <millis>1562775124199</millis>
  <sequence>92</sequence>
  <level>INFO</level>
  <class>com.kms.katalon.core.logging.XmlKeywordLogger</class>
  <method>logMessage</method>
  <thread>1</thread>
  <message>XLS_NitTercero = Tercero 101</message>
  <nestedLevel>1</nestedLevel>
</record>
<record>
  <date>2019-07-10T11:12:04</date>
  <millis>1562775124200</millis>
  <sequence>93</sequence>
  <level>INFO</level>
  <class>com.kms.katalon.core.logging.XmlKeywordLogger</class>
  <method>logMessage</method>
  <thread>1</thread>
  <message>XLS_Debito_o_Credito = C</message>
  <nestedLevel>1</nestedLevel>
</record>
<record>
  <date>2019-07-10T11:12:04</date>
  <millis>1562775124200</millis>
  <sequence>94</sequence>
  <level>INFO</level>
  <class>com.kms.katalon.core.logging.XmlKeywordLogger</class>
  <method>logMessage</method>
  <thread>1</thread>
  <message>XLS_Valor = 1000</message>
  <nestedLevel>1</nestedLevel>
</record>
<record>
  <date>2019-07-10T11:12:04</date>
  <millis>1562775124202</millis>
  <sequence>95</sequence>
  <level>INFO</level>
  <class>com.kms.katalon.core.logging.XmlKeywordLogger</class>
  <method>logMessage</method>
  <thread>1</thread>
  <message>XLS_Observaciones_Nota_Interna = CC-2 - Depreciaci\u00F3n-200</message>
  <nestedLevel>1</nestedLevel>
</record>
<record>
  <date>2019-07-10T11:12:04</date>
  <millis>1562775124206</millis>
  <sequence>96</sequence>
  <level>INFO</level>
  <class>com.kms.katalon.core.logging.XmlKeywordLogger</class>
  <method>logMessage</method>
  <thread>1</thread>
  <message>XLS_No_Comprobante_Secu = 21</message>
  <nestedLevel>1</nestedLevel>
</record>
<record>
  <date>2019-07-10T11:12:06</date>
  <millis>1562775126148</millis>
  <sequence>97</sequence>
  <level>START</level>
  <class>com.kms.katalon.core.logging.XmlKeywordLogger</class>
  <method>startKeyword</method>
  <thread>1</thread>
  <message>Start action : while (XLS_No_Comprobante_Enca == \&amp;quot;\&amp;quot;)</message>
  <nestedLevel>1</nestedLevel>
  <property name="startLine">16</property>
  <property name="stepIndex">1</property>
</record>
<record>
  <date>2019-07-10T11:12:06</date>
  <millis>1562775126149</millis>
  <sequence>98</sequence>
  <level>END</level>
  <class>com.kms.katalon.core.logging.XmlKeywordLogger</class>
  <method>endKeyword</method>
  <thread>1</thread>
  <message>End action : while (XLS_No_Comprobante_Enca == \&amp;quot;\&amp;quot;)</message>
  <nestedLevel>1</nestedLevel>
</record>
<record>
  <date>2019-07-10T11:12:06</date>
  <millis>1562775126149</millis>
  <sequence>99</sequence>
  <level>PASSED</level>
  <class>com.kms.katalon.core.logging.XmlKeywordLogger</class>
  <method>logMessage</method>
  <thread>1</thread>
  <message>Test Cases/RC_CC Con while solo menu</message>
  <nestedLevel>1</nestedLevel>
</record>
<record>
  <date>2019-07-10T11:12:06</date>
  <millis>1562775126152</millis>
  <sequence>100</sequence>
  <level>END</level>
  <class>com.kms.katalon.core.logging.XmlKeywordLogger</class>
  <method>endTest</method>
  <thread>1</thread>
  <message>End Test Case : Test Cases/RC_CC Con while solo menu</message>
  <nestedLevel>0</nestedLevel>
</record>
<record>
  <date>2019-07-10T11:12:06</date>
  <millis>1562775126175</millis>
  <sequence>101</sequence>
  <level>START</level>
  <class>com.kms.katalon.core.logging.XmlKeywordLogger</class>
  <method>startTest</method>
  <thread>1</thread>
  <message>Start Test Case : Test Cases/RC_CC Con while solo menu</message>
  <nestedLevel>1</nestedLevel>
  <property name="name">Test Cases/RC_CC Con while solo menu</property>
  <property name="description"></property>
  <property name="id">Test Cases/RC_CC Con while solo menu</property>
  <property name="source">C:\\Users\\vale262268\\Katalon Studio\\TS_Comprobante_Contable\\Test Cases\\RC_CC Con while solo menu.tc</property>
  <property name="tag">CC</property>
  <property name="isOptional">false</property>
</record>
<record>
  <date>2019-07-10T11:12:06</date>
  <millis>1562775126194</millis>
  <sequence>103</sequence>
  <level>INFO</level>
  <class>com.kms.katalon.core.logging.XmlKeywordLogger</class>
  <method>logMessage</method>
  <thread>1</thread>
  <message>XLS_Tipo_Comprobante = CC-2 - Depreciaci\u00F3n</message>
  <nestedLevel>1</nestedLevel>
</record>
<record>
  <date>2019-07-10T11:12:06</date>
  <millis>1562775126205</millis>
  <sequence>104</sequence>
  <level>INFO</level>
  <class>com.kms.katalon.core.logging.XmlKeywordLogger</class>
  <method>logMessage</method>
  <thread>1</thread>
  <message>XLS_Maneja_Numeracion_Automatica = SI</message>
  <nestedLevel>1</nestedLevel>
</record>
<record>
  <date>2019-07-10T11:12:06</date>
  <millis>1562775126207</millis>
  <sequence>105</sequence>
  <level>INFO</level>
  <class>com.kms.katalon.core.logging.XmlKeywordLogger</class>
  <method>logMessage</method>
  <thread>1</thread>
  <message>XLS_Numero_Documento = 201</message>
  <nestedLevel>1</nestedLevel>
</record>
<record>
  <date>2019-07-10T11:12:06</date>
  <millis>1562775126207</millis>
  <sequence>106</sequence>
  <level>INFO</level>
  <class>com.kms.katalon.core.logging.XmlKeywordLogger</class>
  <method>logMessage</method>
  <thread>1</thread>
  <message>XLS_Digita_Valida = Digita</message>
  <nestedLevel>1</nestedLevel>
</record>
<record>
  <date>2019-07-10T11:12:06</date>
  <millis>1562775126214</millis>
  <sequence>107</sequence>
  <level>INFO</level>
  <class>com.kms.katalon.core.logging.XmlKeywordLogger</class>
  <method>logMessage</method>
  <thread>1</thread>
  <message>XLS_Fecha_Ano = 2018</message>
  <nestedLevel>1</nestedLevel>
</record>
<record>
  <date>2019-07-10T11:12:06</date>
  <millis>1562775126217</millis>
  <sequence>108</sequence>
  <level>INFO</level>
  <class>com.kms.katalon.core.logging.XmlKeywordLogger</class>
  <method>logMessage</method>
  <thread>1</thread>
  <message>XLS_Fecha_Mes = 4</message>
  <nestedLevel>1</nestedLevel>
</record>
<record>
  <date>2019-07-10T11:12:06</date>
  <millis>1562775126218</millis>
  <sequence>109</sequence>
  <level>INFO</level>
  <class>com.kms.katalon.core.logging.XmlKeywordLogger</class>
  <method>logMessage</method>
  <thread>1</thread>
  <message>XLS_Fecha_Dia = 2</message>
  <nestedLevel>1</nestedLevel>
</record>
<record>
  <date>2019-07-10T11:12:06</date>
  <millis>1562775126218</millis>
  <sequence>110</sequence>
  <level>INFO</level>
  <class>com.kms.katalon.core.logging.XmlKeywordLogger</class>
  <method>logMessage</method>
  <thread>1</thread>
  <message>XLS_Maneja_Moneda_Extranjera = NO</message>
  <nestedLevel>1</nestedLevel>
</record>
<record>
  <date>2019-07-10T11:12:06</date>
  <millis>1562775126219</millis>
  <sequence>111</sequence>
  <level>INFO</level>
  <class>com.kms.katalon.core.logging.XmlKeywordLogger</class>
  <method>logMessage</method>
  <thread>1</thread>
  <message>XLS_Moneda_Extranjera = USD</message>
  <nestedLevel>1</nestedLevel>
</record>
<record>
  <date>2019-07-10T11:12:06</date>
  <millis>1562775126219</millis>
  <sequence>112</sequence>
  <level>INFO</level>
  <class>com.kms.katalon.core.logging.XmlKeywordLogger</class>
  <method>logMessage</method>
  <thread>1</thread>
  <message>XLS_Valor_Tasa_Extranjera = </message>
  <nestedLevel>1</nestedLevel>
</record>
<record>
  <date>2019-07-10T11:12:06</date>
  <millis>1562775126220</millis>
  <sequence>113</sequence>
  <level>INFO</level>
  <class>com.kms.katalon.core.logging.XmlKeywordLogger</class>
  <method>logMessage</method>
  <thread>1</thread>
  <message>XLS_No_Comprobante_Enca = 22</message>
  <nestedLevel>1</nestedLevel>
</record>
<record>
  <date>2019-07-10T11:12:06</date>
  <millis>1562775126220</millis>
  <sequence>114</sequence>
  <level>INFO</level>
  <class>com.kms.katalon.core.logging.XmlKeywordLogger</class>
  <method>logMessage</method>
  <thread>1</thread>
  <message>XLS_Tipo_Cuenta = Impuesto</message>
  <nestedLevel>1</nestedLevel>
</record>
<record>
  <date>2019-07-10T11:12:06</date>
  <millis>1562775126224</millis>
  <sequence>115</sequence>
  <level>INFO</level>
  <class>com.kms.katalon.core.logging.XmlKeywordLogger</class>
  <method>logMessage</method>
  <thread>1</thread>
  <message>XLS_Cuenta = 11050501</message>
  <nestedLevel>1</nestedLevel>
</record>
<record>
  <date>2019-07-10T11:12:06</date>
  <millis>1562775126225</millis>
  <sequence>116</sequence>
  <level>INFO</level>
  <class>com.kms.katalon.core.logging.XmlKeywordLogger</class>
  <method>logMessage</method>
  <thread>1</thread>
  <message>XLS_Descripcion = Solo Creacion</message>
  <nestedLevel>1</nestedLevel>
</record>
<record>
  <date>2019-07-10T11:12:06</date>
  <millis>1562775126227</millis>
  <sequence>117</sequence>
  <level>INFO</level>
  <class>com.kms.katalon.core.logging.XmlKeywordLogger</class>
  <method>logMessage</method>
  <thread>1</thread>
  <message>XLS_NitTercero = Tercero 101</message>
  <nestedLevel>1</nestedLevel>
</record>
<record>
  <date>2019-07-10T11:12:06</date>
  <millis>1562775126228</millis>
  <sequence>118</sequence>
  <level>INFO</level>
  <class>com.kms.katalon.core.logging.XmlKeywordLogger</class>
  <method>logMessage</method>
  <thread>1</thread>
  <message>XLS_Debito_o_Credito = D</message>
  <nestedLevel>1</nestedLevel>
</record>
<record>
  <date>2019-07-10T11:12:06</date>
  <millis>1562775126231</millis>
  <sequence>119</sequence>
  <level>INFO</level>
  <class>com.kms.katalon.core.logging.XmlKeywordLogger</class>
  <method>logMessage</method>
  <thread>1</thread>
  <message>XLS_Valor = 3200</message>
  <nestedLevel>1</nestedLevel>
</record>
<record>
  <date>2019-07-10T11:12:06</date>
  <millis>1562775126232</millis>
  <sequence>120</sequence>
  <level>INFO</level>
  <class>com.kms.katalon.core.logging.XmlKeywordLogger</class>
  <method>logMessage</method>
  <thread>1</thread>
  <message>XLS_Observaciones_Nota_Interna = CC-2 - Depreciaci\u00F3n-201</message>
  <nestedLevel>1</nestedLevel>
</record>
<record>
  <date>2019-07-10T11:12:06</date>
  <millis>1562775126233</millis>
  <sequence>121</sequence>
  <level>INFO</level>
  <class>com.kms.katalon.core.logging.XmlKeywordLogger</class>
  <method>logMessage</method>
  <thread>1</thread>
  <message>XLS_No_Comprobante_Secu = 21</message>
  <nestedLevel>1</nestedLevel>
</record>
<record>
  <date>2019-07-10T11:12:06</date>
  <millis>1562775126237</millis>
  <sequence>122</sequence>
  <level>START</level>
  <class>com.kms.katalon.core.logging.XmlKeywordLogger</class>
  <method>startKeyword</method>
  <thread>1</thread>
  <message>Start action : while (XLS_No_Comprobante_Enca == \&amp;quot;\&amp;quot;)</message>
  <nestedLevel>1</nestedLevel>
  <property name="startLine">16</property>
  <property name="stepIndex">1</property>
</record>
<record>
  <date>2019-07-10T11:12:06</date>
  <millis>1562775126238</millis>
  <sequence>123</sequence>
  <level>END</level>
  <class>com.kms.katalon.core.logging.XmlKeywordLogger</class>
  <method>endKeyword</method>
  <thread>1</thread>
  <message>End action : while (XLS_No_Comprobante_Enca == \&amp;quot;\&amp;quot;)</message>
  <nestedLevel>1</nestedLevel>
</record>
<record>
  <date>2019-07-10T11:12:06</date>
  <millis>1562775126239</millis>
  <sequence>124</sequence>
  <level>PASSED</level>
  <class>com.kms.katalon.core.logging.XmlKeywordLogger</class>
  <method>logMessage</method>
  <thread>1</thread>
  <message>Test Cases/RC_CC Con while solo menu</message>
  <nestedLevel>1</nestedLevel>
</record>
<record>
  <date>2019-07-10T11:12:06</date>
  <millis>1562775126250</millis>
  <sequence>125</sequence>
  <level>END</level>
  <class>com.kms.katalon.core.logging.XmlKeywordLogger</class>
  <method>endTest</method>
  <thread>1</thread>
  <message>End Test Case : Test Cases/RC_CC Con while solo menu</message>
  <nestedLevel>0</nestedLevel>
</record>
<record>
  <date>2019-07-10T11:12:06</date>
  <millis>1562775126261</millis>
  <sequence>126</sequence>
  <level>START</level>
  <class>com.kms.katalon.core.logging.XmlKeywordLogger</class>
  <method>startTest</method>
  <thread>1</thread>
  <message>Start Test Case : Test Cases/RC_CC Con while solo menu</message>
  <nestedLevel>1</nestedLevel>
  <property name="name">Test Cases/RC_CC Con while solo menu</property>
  <property name="description"></property>
  <property name="id">Test Cases/RC_CC Con while solo menu</property>
  <property name="source">C:\\Users\\vale262268\\Katalon Studio\\TS_Comprobante_Contable\\Test Cases\\RC_CC Con while solo menu.tc</property>
  <property name="tag">CC</property>
  <property name="isOptional">false</property>
</record>
<record>
  <date>2019-07-10T11:12:06</date>
  <millis>1562775126288</millis>
  <sequence>128</sequence>
  <level>INFO</level>
  <class>com.kms.katalon.core.logging.XmlKeywordLogger</class>
  <method>logMessage</method>
  <thread>1</thread>
  <message>XLS_Tipo_Comprobante = CC-2 - Depreciaci\u00F3n</message>
  <nestedLevel>1</nestedLevel>
</record>
<record>
  <date>2019-07-10T11:12:06</date>
  <millis>1562775126289</millis>
  <sequence>129</sequence>
  <level>INFO</level>
  <class>com.kms.katalon.core.logging.XmlKeywordLogger</class>
  <method>logMessage</method>
  <thread>1</thread>
  <message>XLS_Maneja_Numeracion_Automatica = SI</message>
  <nestedLevel>1</nestedLevel>
</record>
<record>
  <date>2019-07-10T11:12:06</date>
  <millis>1562775126289</millis>
  <sequence>130</sequence>
  <level>INFO</level>
  <class>com.kms.katalon.core.logging.XmlKeywordLogger</class>
  <method>logMessage</method>
  <thread>1</thread>
  <message>XLS_Numero_Documento = 202</message>
  <nestedLevel>1</nestedLevel>
</record>
<record>
  <date>2019-07-10T11:12:06</date>
  <millis>1562775126289</millis>
  <sequence>131</sequence>
  <level>INFO</level>
  <class>com.kms.katalon.core.logging.XmlKeywordLogger</class>
  <method>logMessage</method>
  <thread>1</thread>
  <message>XLS_Digita_Valida = Digita</message>
  <nestedLevel>1</nestedLevel>
</record>
<record>
  <date>2019-07-10T11:12:06</date>
  <millis>1562775126289</millis>
  <sequence>132</sequence>
  <level>INFO</level>
  <class>com.kms.katalon.core.logging.XmlKeywordLogger</class>
  <method>logMessage</method>
  <thread>1</thread>
  <message>XLS_Fecha_Ano = 2018</message>
  <nestedLevel>1</nestedLevel>
</record>
<record>
  <date>2019-07-10T11:12:06</date>
  <millis>1562775126290</millis>
  <sequence>133</sequence>
  <level>INFO</level>
  <class>com.kms.katalon.core.logging.XmlKeywordLogger</class>
  <method>logMessage</method>
  <thread>1</thread>
  <message>XLS_Fecha_Mes = 4</message>
  <nestedLevel>1</nestedLevel>
</record>
<record>
  <date>2019-07-10T11:12:06</date>
  <millis>1562775126290</millis>
  <sequence>134</sequence>
  <level>INFO</level>
  <class>com.kms.katalon.core.logging.XmlKeywordLogger</class>
  <method>logMessage</method>
  <thread>1</thread>
  <message>XLS_Fecha_Dia = 3</message>
  <nestedLevel>1</nestedLevel>
</record>
<record>
  <date>2019-07-10T11:12:06</date>
  <millis>1562775126290</millis>
  <sequence>135</sequence>
  <level>INFO</level>
  <class>com.kms.katalon.core.logging.XmlKeywordLogger</class>
  <method>logMessage</method>
  <thread>1</thread>
  <message>XLS_Maneja_Moneda_Extranjera = NO</message>
  <nestedLevel>1</nestedLevel>
</record>
<record>
  <date>2019-07-10T11:12:06</date>
  <millis>1562775126291</millis>
  <sequence>136</sequence>
  <level>INFO</level>
  <class>com.kms.katalon.core.logging.XmlKeywordLogger</class>
  <method>logMessage</method>
  <thread>1</thread>
  <message>XLS_Moneda_Extranjera = USD</message>
  <nestedLevel>1</nestedLevel>
</record>
<record>
  <date>2019-07-10T11:12:06</date>
  <millis>1562775126291</millis>
  <sequence>137</sequence>
  <level>INFO</level>
  <class>com.kms.katalon.core.logging.XmlKeywordLogger</class>
  <method>logMessage</method>
  <thread>1</thread>
  <message>XLS_Valor_Tasa_Extranjera = 2987,25</message>
  <nestedLevel>1</nestedLevel>
</record>
<record>
  <date>2019-07-10T11:12:06</date>
  <millis>1562775126299</millis>
  <sequence>138</sequence>
  <level>INFO</level>
  <class>com.kms.katalon.core.logging.XmlKeywordLogger</class>
  <method>logMessage</method>
  <thread>1</thread>
  <message>XLS_No_Comprobante_Enca = 23</message>
  <nestedLevel>1</nestedLevel>
</record>
<record>
  <date>2019-07-10T11:12:06</date>
  <millis>1562775126299</millis>
  <sequence>139</sequence>
  <level>INFO</level>
  <class>com.kms.katalon.core.logging.XmlKeywordLogger</class>
  <method>logMessage</method>
  <thread>1</thread>
  <message>XLS_Tipo_Cuenta = Inventario</message>
  <nestedLevel>1</nestedLevel>
</record>
<record>
  <date>2019-07-10T11:12:06</date>
  <millis>1562775126300</millis>
  <sequence>140</sequence>
  <level>INFO</level>
  <class>com.kms.katalon.core.logging.XmlKeywordLogger</class>
  <method>logMessage</method>
  <thread>1</thread>
  <message>XLS_Cuenta = 11050501</message>
  <nestedLevel>1</nestedLevel>
</record>
<record>
  <date>2019-07-10T11:12:06</date>
  <millis>1562775126300</millis>
  <sequence>141</sequence>
  <level>INFO</level>
  <class>com.kms.katalon.core.logging.XmlKeywordLogger</class>
  <method>logMessage</method>
  <thread>1</thread>
  <message>XLS_Descripcion = Solo Creacion</message>
  <nestedLevel>1</nestedLevel>
</record>
<record>
  <date>2019-07-10T11:12:06</date>
  <millis>1562775126301</millis>
  <sequence>142</sequence>
  <level>INFO</level>
  <class>com.kms.katalon.core.logging.XmlKeywordLogger</class>
  <method>logMessage</method>
  <thread>1</thread>
  <message>XLS_NitTercero = Tercero 101</message>
  <nestedLevel>1</nestedLevel>
</record>
<record>
  <date>2019-07-10T11:12:06</date>
  <millis>1562775126302</millis>
  <sequence>143</sequence>
  <level>INFO</level>
  <class>com.kms.katalon.core.logging.XmlKeywordLogger</class>
  <method>logMessage</method>
  <thread>1</thread>
  <message>XLS_Debito_o_Credito = C</message>
  <nestedLevel>1</nestedLevel>
</record>
<record>
  <date>2019-07-10T11:12:06</date>
  <millis>1562775126302</millis>
  <sequence>144</sequence>
  <level>INFO</level>
  <class>com.kms.katalon.core.logging.XmlKeywordLogger</class>
  <method>logMessage</method>
  <thread>1</thread>
  <message>XLS_Valor = 3200</message>
  <nestedLevel>1</nestedLevel>
</record>
<record>
  <date>2019-07-10T11:12:06</date>
  <millis>1562775126303</millis>
  <sequence>145</sequence>
  <level>INFO</level>
  <class>com.kms.katalon.core.logging.XmlKeywordLogger</class>
  <method>logMessage</method>
  <thread>1</thread>
  <message>XLS_Observaciones_Nota_Interna = CC-2 - Depreciaci\u00F3n-202</message>
  <nestedLevel>1</nestedLevel>
</record>
<record>
  <date>2019-07-10T11:12:06</date>
  <millis>1562775126303</millis>
  <sequence>146</sequence>
  <level>INFO</level>
  <class>com.kms.katalon.core.logging.XmlKeywordLogger</class>
  <method>logMessage</method>
  <thread>1</thread>
  <message>XLS_No_Comprobante_Secu = 21</message>
  <nestedLevel>1</nestedLevel>
</record>
<record>
  <date>2019-07-10T11:12:06</date>
  <millis>1562775126308</millis>
  <sequence>147</sequence>
  <level>START</level>
  <class>com.kms.katalon.core.logging.XmlKeywordLogger</class>
  <method>startKeyword</method>
  <thread>1</thread>
  <message>Start action : while (XLS_No_Comprobante_Enca == \&amp;quot;\&amp;quot;)</message>
  <nestedLevel>1</nestedLevel>
  <property name="startLine">16</property>
  <property name="stepIndex">1</property>
</record>
<record>
  <date>2019-07-10T11:12:06</date>
  <millis>1562775126310</millis>
  <sequence>148</sequence>
  <level>END</level>
  <class>com.kms.katalon.core.logging.XmlKeywordLogger</class>
  <method>endKeyword</method>
  <thread>1</thread>
  <message>End action : while (XLS_No_Comprobante_Enca == \&amp;quot;\&amp;quot;)</message>
  <nestedLevel>1</nestedLevel>
</record>
<record>
  <date>2019-07-10T11:12:06</date>
  <millis>1562775126310</millis>
  <sequence>149</sequence>
  <level>PASSED</level>
  <class>com.kms.katalon.core.logging.XmlKeywordLogger</class>
  <method>logMessage</method>
  <thread>1</thread>
  <message>Test Cases/RC_CC Con while solo menu</message>
  <nestedLevel>1</nestedLevel>
</record>
<record>
  <date>2019-07-10T11:12:06</date>
  <millis>1562775126311</millis>
  <sequence>150</sequence>
  <level>END</level>
  <class>com.kms.katalon.core.logging.XmlKeywordLogger</class>
  <method>endTest</method>
  <thread>1</thread>
  <message>End Test Case : Test Cases/RC_CC Con while solo menu</message>
  <nestedLevel>0</nestedLevel>
</record>
<record>
  <date>2019-07-10T11:12:06</date>
  <millis>1562775126322</millis>
  <sequence>151</sequence>
  <level>START</level>
  <class>com.kms.katalon.core.logging.XmlKeywordLogger</class>
  <method>startTest</method>
  <thread>1</thread>
  <message>Start Test Case : Test Cases/RC_CC Con while solo menu</message>
  <nestedLevel>1</nestedLevel>
  <property name="name">Test Cases/RC_CC Con while solo menu</property>
  <property name="description"></property>
  <property name="id">Test Cases/RC_CC Con while solo menu</property>
  <property name="source">C:\\Users\\vale262268\\Katalon Studio\\TS_Comprobante_Contable\\Test Cases\\RC_CC Con while solo menu.tc</property>
  <property name="tag">CC</property>
  <property name="isOptional">false</property>
</record>
<record>
  <date>2019-07-10T11:12:06</date>
  <millis>1562775126341</millis>
  <sequence>153</sequence>
  <level>INFO</level>
  <class>com.kms.katalon.core.logging.XmlKeywordLogger</class>
  <method>logMessage</method>
  <thread>1</thread>
  <message>XLS_Tipo_Comprobante = CC-2 - Depreciaci\u00F3n</message>
  <nestedLevel>1</nestedLevel>
</record>
<record>
  <date>2019-07-10T11:12:06</date>
  <millis>1562775126341</millis>
  <sequence>154</sequence>
  <level>INFO</level>
  <class>com.kms.katalon.core.logging.XmlKeywordLogger</class>
  <method>logMessage</method>
  <thread>1</thread>
  <message>XLS_Maneja_Numeracion_Automatica = SI</message>
  <nestedLevel>1</nestedLevel>
</record>
<record>
  <date>2019-07-10T11:12:06</date>
  <millis>1562775126345</millis>
  <sequence>155</sequence>
  <level>INFO</level>
  <class>com.kms.katalon.core.logging.XmlKeywordLogger</class>
  <method>logMessage</method>
  <thread>1</thread>
  <message>XLS_Numero_Documento = 203</message>
  <nestedLevel>1</nestedLevel>
</record>
<record>
  <date>2019-07-10T11:12:06</date>
  <millis>1562775126349</millis>
  <sequence>156</sequence>
  <level>INFO</level>
  <class>com.kms.katalon.core.logging.XmlKeywordLogger</class>
  <method>logMessage</method>
  <thread>1</thread>
  <message>XLS_Digita_Valida = Digita</message>
  <nestedLevel>1</nestedLevel>
</record>
<record>
  <date>2019-07-10T11:12:06</date>
  <millis>1562775126350</millis>
  <sequence>157</sequence>
  <level>INFO</level>
  <class>com.kms.katalon.core.logging.XmlKeywordLogger</class>
  <method>logMessage</method>
  <thread>1</thread>
  <message>XLS_Fecha_Ano = 2018</message>
  <nestedLevel>1</nestedLevel>
</record>
<record>
  <date>2019-07-10T11:12:06</date>
  <millis>1562775126350</millis>
  <sequence>158</sequence>
  <level>INFO</level>
  <class>com.kms.katalon.core.logging.XmlKeywordLogger</class>
  <method>logMessage</method>
  <thread>1</thread>
  <message>XLS_Fecha_Mes = 4</message>
  <nestedLevel>1</nestedLevel>
</record>
<record>
  <date>2019-07-10T11:12:06</date>
  <millis>1562775126351</millis>
  <sequence>159</sequence>
  <level>INFO</level>
  <class>com.kms.katalon.core.logging.XmlKeywordLogger</class>
  <method>logMessage</method>
  <thread>1</thread>
  <message>XLS_Fecha_Dia = 4</message>
  <nestedLevel>1</nestedLevel>
</record>
<record>
  <date>2019-07-10T11:12:06</date>
  <millis>1562775126352</millis>
  <sequence>160</sequence>
  <level>INFO</level>
  <class>com.kms.katalon.core.logging.XmlKeywordLogger</class>
  <method>logMessage</method>
  <thread>1</thread>
  <message>XLS_Maneja_Moneda_Extranjera = NO</message>
  <nestedLevel>1</nestedLevel>
</record>
<record>
  <date>2019-07-10T11:12:06</date>
  <millis>1562775126353</millis>
  <sequence>161</sequence>
  <level>INFO</level>
  <class>com.kms.katalon.core.logging.XmlKeywordLogger</class>
  <method>logMessage</method>
  <thread>1</thread>
  <message>XLS_Moneda_Extranjera = USD</message>
  <nestedLevel>1</nestedLevel>
</record>
<record>
  <date>2019-07-10T11:12:06</date>
  <millis>1562775126354</millis>
  <sequence>162</sequence>
  <level>INFO</level>
  <class>com.kms.katalon.core.logging.XmlKeywordLogger</class>
  <method>logMessage</method>
  <thread>1</thread>
  <message>XLS_Valor_Tasa_Extranjera = </message>
  <nestedLevel>1</nestedLevel>
</record>
<record>
  <date>2019-07-10T11:12:06</date>
  <millis>1562775126354</millis>
  <sequence>163</sequence>
  <level>INFO</level>
  <class>com.kms.katalon.core.logging.XmlKeywordLogger</class>
  <method>logMessage</method>
  <thread>1</thread>
  <message>XLS_No_Comprobante_Enca = 24</message>
  <nestedLevel>1</nestedLevel>
</record>
<record>
  <date>2019-07-10T11:12:06</date>
  <millis>1562775126355</millis>
  <sequence>164</sequence>
  <level>INFO</level>
  <class>com.kms.katalon.core.logging.XmlKeywordLogger</class>
  <method>logMessage</method>
  <thread>1</thread>
  <message>XLS_Tipo_Cuenta = ActivoFijo</message>
  <nestedLevel>1</nestedLevel>
</record>
<record>
  <date>2019-07-10T11:12:06</date>
  <millis>1562775126355</millis>
  <sequence>165</sequence>
  <level>INFO</level>
  <class>com.kms.katalon.core.logging.XmlKeywordLogger</class>
  <method>logMessage</method>
  <thread>1</thread>
  <message>XLS_Cuenta = 11050501</message>
  <nestedLevel>1</nestedLevel>
</record>
<record>
  <date>2019-07-10T11:12:06</date>
  <millis>1562775126355</millis>
  <sequence>166</sequence>
  <level>INFO</level>
  <class>com.kms.katalon.core.logging.XmlKeywordLogger</class>
  <method>logMessage</method>
  <thread>1</thread>
  <message>XLS_Descripcion = Solo Creacion</message>
  <nestedLevel>1</nestedLevel>
</record>
<record>
  <date>2019-07-10T11:12:06</date>
  <millis>1562775126356</millis>
  <sequence>167</sequence>
  <level>INFO</level>
  <class>com.kms.katalon.core.logging.XmlKeywordLogger</class>
  <method>logMessage</method>
  <thread>1</thread>
  <message>XLS_NitTercero = Tercero 101</message>
  <nestedLevel>1</nestedLevel>
</record>
<record>
  <date>2019-07-10T11:12:06</date>
  <millis>1562775126356</millis>
  <sequence>168</sequence>
  <level>INFO</level>
  <class>com.kms.katalon.core.logging.XmlKeywordLogger</class>
  <method>logMessage</method>
  <thread>1</thread>
  <message>XLS_Debito_o_Credito = D</message>
  <nestedLevel>1</nestedLevel>
</record>
<record>
  <date>2019-07-10T11:12:06</date>
  <millis>1562775126357</millis>
  <sequence>169</sequence>
  <level>INFO</level>
  <class>com.kms.katalon.core.logging.XmlKeywordLogger</class>
  <method>logMessage</method>
  <thread>1</thread>
  <message>XLS_Valor = 1000</message>
  <nestedLevel>1</nestedLevel>
</record>
<record>
  <date>2019-07-10T11:12:06</date>
  <millis>1562775126357</millis>
  <sequence>170</sequence>
  <level>INFO</level>
  <class>com.kms.katalon.core.logging.XmlKeywordLogger</class>
  <method>logMessage</method>
  <thread>1</thread>
  <message>XLS_Observaciones_Nota_Interna = CC-2 - Depreciaci\u00F3n-203</message>
  <nestedLevel>1</nestedLevel>
</record>
<record>
  <date>2019-07-10T11:12:06</date>
  <millis>1562775126357</millis>
  <sequence>171</sequence>
  <level>INFO</level>
  <class>com.kms.katalon.core.logging.XmlKeywordLogger</class>
  <method>logMessage</method>
  <thread>1</thread>
  <message>XLS_No_Comprobante_Secu = 21</message>
  <nestedLevel>1</nestedLevel>
</record>
<record>
  <date>2019-07-10T11:12:06</date>
  <millis>1562775126360</millis>
  <sequence>172</sequence>
  <level>START</level>
  <class>com.kms.katalon.core.logging.XmlKeywordLogger</class>
  <method>startKeyword</method>
  <thread>1</thread>
  <message>Start action : while (XLS_No_Comprobante_Enca == \&amp;quot;\&amp;quot;)</message>
  <nestedLevel>1</nestedLevel>
  <property name="startLine">16</property>
  <property name="stepIndex">1</property>
</record>
<record>
  <date>2019-07-10T11:12:06</date>
  <millis>1562775126360</millis>
  <sequence>173</sequence>
  <level>END</level>
  <class>com.kms.katalon.core.logging.XmlKeywordLogger</class>
  <method>endKeyword</method>
  <thread>1</thread>
  <message>End action : while (XLS_No_Comprobante_Enca == \&amp;quot;\&amp;quot;)</message>
  <nestedLevel>1</nestedLevel>
</record>
<record>
  <date>2019-07-10T11:12:06</date>
  <millis>1562775126361</millis>
  <sequence>174</sequence>
  <level>PASSED</level>
  <class>com.kms.katalon.core.logging.XmlKeywordLogger</class>
  <method>logMessage</method>
  <thread>1</thread>
  <message>Test Cases/RC_CC Con while solo menu</message>
  <nestedLevel>1</nestedLevel>
</record>
<record>
  <date>2019-07-10T11:12:06</date>
  <millis>1562775126362</millis>
  <sequence>175</sequence>
  <level>END</level>
  <class>com.kms.katalon.core.logging.XmlKeywordLogger</class>
  <method>endTest</method>
  <thread>1</thread>
  <message>End Test Case : Test Cases/RC_CC Con while solo menu</message>
  <nestedLevel>0</nestedLevel>
</record>
<record>
  <date>2019-07-10T11:12:08</date>
  <millis>1562775128197</millis>
  <sequence>176</sequence>
  <level>END</level>
  <class>com.kms.katalon.core.logging.XmlKeywordLogger</class>
  <method>endSuite</method>
  <thread>1</thread>
  <message>End Test Suite : Test Suites/TS_Comprobante con While en RC</message>
  <nestedLevel>0</nestedLevel>
</record>
</log>
