<?xml version="1.0" encoding="UTF-8" standalone="no"?>
<!DOCTYPE log SYSTEM "logger.dtd">
<log>
<record>
  <date>2019-07-02T14:24:11</date>
  <millis>1562095451895</millis>
  <sequence>0</sequence>
  <level>START</level>
  <class>com.kms.katalon.core.logging.XmlKeywordLogger</class>
  <method>startSuite</method>
  <thread>1</thread>
  <message>Start Test Suite : Test Suites/Pruebas</message>
  <nestedLevel>0</nestedLevel>
  <property name="name">Pruebas</property>
  <property name="description"></property>
  <property name="id">Test Suites/Pruebas</property>
</record>
<record>
  <date>2019-07-02T14:24:11</date>
  <millis>1562095451922</millis>
  <sequence>1</sequence>
  <level>RUN_DATA</level>
  <class>com.kms.katalon.core.logging.XmlKeywordLogger</class>
  <method>logMessage</method>
  <thread>1</thread>
  <message>hostName = vale262268 - VALE262268-11.siigo.com</message>
  <nestedLevel>0</nestedLevel>
  <property name="hostName">vale262268 - VALE262268-11.siigo.com</property>
</record>
<record>
  <date>2019-07-02T14:24:11</date>
  <millis>1562095451924</millis>
  <sequence>2</sequence>
  <level>RUN_DATA</level>
  <class>com.kms.katalon.core.logging.XmlKeywordLogger</class>
  <method>logMessage</method>
  <thread>1</thread>
  <message>os = Windows 10 64bit</message>
  <nestedLevel>0</nestedLevel>
  <property name="os">Windows 10 64bit</property>
</record>
<record>
  <date>2019-07-02T14:24:11</date>
  <millis>1562095451925</millis>
  <sequence>3</sequence>
  <level>RUN_DATA</level>
  <class>com.kms.katalon.core.logging.XmlKeywordLogger</class>
  <method>logMessage</method>
  <thread>1</thread>
  <message>hostAddress = 192.192.192.52</message>
  <nestedLevel>0</nestedLevel>
  <property name="hostAddress">192.192.192.52</property>
</record>
<record>
  <date>2019-07-02T14:24:11</date>
  <millis>1562095451928</millis>
  <sequence>4</sequence>
  <level>RUN_DATA</level>
  <class>com.kms.katalon.core.logging.XmlKeywordLogger</class>
  <method>logMessage</method>
  <thread>1</thread>
  <message>katalonVersion = 6.2.0.1</message>
  <nestedLevel>0</nestedLevel>
  <property name="katalonVersion">6.2.0.1</property>
</record>
<record>
  <date>2019-07-02T14:24:12</date>
  <millis>1562095452504</millis>
  <sequence>5</sequence>
  <level>START</level>
  <class>com.kms.katalon.core.logging.XmlKeywordLogger</class>
  <method>startTest</method>
  <thread>1</thread>
  <message>Start Test Case : Test Cases/TS_Login/TC_Login</message>
  <nestedLevel>1</nestedLevel>
  <property name="name">Test Cases/TS_Login/TC_Login</property>
  <property name="description"></property>
  <property name="id">Test Cases/TS_Login/TC_Login</property>
  <property name="source">C:\\Users\\vale262268\\Katalon Studio\\TS_Comprobante_Contable\\Test Cases\\TS_Login\\TC_Login.tc</property>
  <property name="tag"></property>
  <property name="isOptional">false</property>
</record>
<record>
  <date>2019-07-02T14:24:12</date>
  <millis>1562095452554</millis>
  <sequence>7</sequence>
  <level>INFO</level>
  <class>com.kms.katalon.core.logging.XmlKeywordLogger</class>
  <method>logMessage</method>
  <thread>1</thread>
  <message>Direccion = http://co076nt35:8670</message>
  <nestedLevel>1</nestedLevel>
</record>
<record>
  <date>2019-07-02T14:24:12</date>
  <millis>1562095452556</millis>
  <sequence>8</sequence>
  <level>INFO</level>
  <class>com.kms.katalon.core.logging.XmlKeywordLogger</class>
  <method>logMessage</method>
  <thread>1</thread>
  <message>Usuario = administrador_650@emprendedor.com</message>
  <nestedLevel>1</nestedLevel>
</record>
<record>
  <date>2019-07-02T14:24:12</date>
  <millis>1562095452558</millis>
  <sequence>9</sequence>
  <level>INFO</level>
  <class>com.kms.katalon.core.logging.XmlKeywordLogger</class>
  <method>logMessage</method>
  <thread>1</thread>
  <message>Contrasena = 2222</message>
  <nestedLevel>1</nestedLevel>
</record>
<record>
  <date>2019-07-02T14:24:13</date>
  <millis>1562095453184</millis>
  <sequence>10</sequence>
  <level>START</level>
  <class>com.kms.katalon.core.logging.XmlKeywordLogger</class>
  <method>startKeyword</method>
  <thread>1</thread>
  <message>Start action : openBrowser(Direccion)</message>
  <nestedLevel>1</nestedLevel>
  <property name="startLine">17</property>
  <property name="stepIndex">1</property>
</record>
<record>
  <date>2019-07-02T14:24:13</date>
  <millis>1562095453679</millis>
  <sequence>12</sequence>
  <level>INFO</level>
  <class>com.kms.katalon.core.logging.XmlKeywordLogger</class>
  <method>logMessage</method>
  <thread>1</thread>
  <message>Starting &amp;apos;Chrome&amp;apos; driver</message>
  <nestedLevel>1</nestedLevel>
</record>
<record>
  <date>2019-07-02T14:24:13</date>
  <millis>1562095453754</millis>
  <sequence>14</sequence>
  <level>INFO</level>
  <class>com.kms.katalon.core.logging.XmlKeywordLogger</class>
  <method>logMessage</method>
  <thread>1</thread>
  <message>Action delay is set to 0 seconds</message>
  <nestedLevel>1</nestedLevel>
</record>
<record>
  <date>2019-07-02T14:24:20</date>
  <millis>1562095460087</millis>
  <sequence>16</sequence>
  <level>RUN_DATA</level>
  <class>com.kms.katalon.core.logging.XmlKeywordLogger</class>
  <method>logMessage</method>
  <thread>1</thread>
  <message>sessionId = 4db2c0fba8a127ff303822d07547781a</message>
  <nestedLevel>1</nestedLevel>
  <property name="sessionId">4db2c0fba8a127ff303822d07547781a</property>
</record>
<record>
  <date>2019-07-02T14:24:20</date>
  <millis>1562095460150</millis>
  <sequence>17</sequence>
  <level>RUN_DATA</level>
  <class>com.kms.katalon.core.logging.XmlKeywordLogger</class>
  <method>logMessage</method>
  <thread>1</thread>
  <message>browser = Chrome 75.0.3770.100</message>
  <nestedLevel>1</nestedLevel>
  <property name="browser">Chrome 75.0.3770.100</property>
</record>
<record>
  <date>2019-07-02T14:24:20</date>
  <millis>1562095460151</millis>
  <sequence>18</sequence>
  <level>RUN_DATA</level>
  <class>com.kms.katalon.core.logging.XmlKeywordLogger</class>
  <method>logMessage</method>
  <thread>1</thread>
  <message>platform = Windows 10</message>
  <nestedLevel>1</nestedLevel>
  <property name="platform">Windows 10</property>
</record>
<record>
  <date>2019-07-02T14:24:20</date>
  <millis>1562095460152</millis>
  <sequence>19</sequence>
  <level>RUN_DATA</level>
  <class>com.kms.katalon.core.logging.XmlKeywordLogger</class>
  <method>logMessage</method>
  <thread>1</thread>
  <message>seleniumVersion = 3.141.59</message>
  <nestedLevel>1</nestedLevel>
  <property name="seleniumVersion">3.141.59</property>
</record>
<record>
  <date>2019-07-02T14:24:20</date>
  <millis>1562095460153</millis>
  <sequence>20</sequence>
  <level>RUN_DATA</level>
  <class>com.kms.katalon.core.logging.XmlKeywordLogger</class>
  <method>logMessage</method>
  <thread>1</thread>
  <message>proxyInformation = ProxyInformation{proxyOption=NO_PROXY, proxyServerType=HTTP, password=, proxyServerAddress=, proxyServerPort=0}</message>
  <nestedLevel>1</nestedLevel>
  <property name="proxyInformation">ProxyInformation{proxyOption=NO_PROXY, proxyServerType=HTTP, password=, proxyServerAddress=, proxyServerPort=0}</property>
</record>
<record>
  <date>2019-07-02T14:24:22</date>
  <millis>1562095462354</millis>
  <sequence>22</sequence>
  <level>PASSED</level>
  <class>com.kms.katalon.core.logging.XmlKeywordLogger</class>
  <method>logMessage</method>
  <thread>1</thread>
  <message>Browser is opened with url: &amp;apos;http://co076nt35:8670&amp;apos;</message>
  <nestedLevel>1</nestedLevel>
</record>
<record>
  <date>2019-07-02T14:24:22</date>
  <millis>1562095462355</millis>
  <sequence>23</sequence>
  <level>END</level>
  <class>com.kms.katalon.core.logging.XmlKeywordLogger</class>
  <method>endKeyword</method>
  <thread>1</thread>
  <message>End action : openBrowser(Direccion)</message>
  <nestedLevel>1</nestedLevel>
</record>
<record>
  <date>2019-07-02T14:24:22</date>
  <millis>1562095462356</millis>
  <sequence>24</sequence>
  <level>START</level>
  <class>com.kms.katalon.core.logging.XmlKeywordLogger</class>
  <method>startKeyword</method>
  <thread>1</thread>
  <message>Start action : maximizeWindow()</message>
  <nestedLevel>1</nestedLevel>
  <property name="startLine">19</property>
  <property name="stepIndex">2</property>
</record>
<record>
  <date>2019-07-02T14:24:23</date>
  <millis>1562095463711</millis>
  <sequence>26</sequence>
  <level>PASSED</level>
  <class>com.kms.katalon.core.logging.XmlKeywordLogger</class>
  <method>logMessage</method>
  <thread>1</thread>
  <message>Current window maximized</message>
  <nestedLevel>1</nestedLevel>
</record>
<record>
  <date>2019-07-02T14:24:23</date>
  <millis>1562095463712</millis>
  <sequence>27</sequence>
  <level>END</level>
  <class>com.kms.katalon.core.logging.XmlKeywordLogger</class>
  <method>endKeyword</method>
  <thread>1</thread>
  <message>End action : maximizeWindow()</message>
  <nestedLevel>1</nestedLevel>
</record>
<record>
  <date>2019-07-02T14:24:23</date>
  <millis>1562095463712</millis>
  <sequence>28</sequence>
  <level>START</level>
  <class>com.kms.katalon.core.logging.XmlKeywordLogger</class>
  <method>startKeyword</method>
  <thread>1</thread>
  <message>Start action : setText(findTestObject(\&amp;quot;Object Repository/Page_iSiigo/txt_Usuario\&amp;quot;), \&amp;quot;administrador_650@emprendedor.com\&amp;quot;)</message>
  <nestedLevel>1</nestedLevel>
  <property name="startLine">21</property>
  <property name="stepIndex">3</property>
</record>
<record>
  <date>2019-07-02T14:24:24</date>
  <millis>1562095464189</millis>
  <sequence>37</sequence>
  <level>PASSED</level>
  <class>com.kms.katalon.core.logging.XmlKeywordLogger</class>
  <method>logMessage</method>
  <thread>1</thread>
  <message>Text &amp;apos;administrador_650@emprendedor.com&amp;apos; is set on object &amp;apos;Object Repository/Page_iSiigo/txt_Usuario&amp;apos;</message>
  <nestedLevel>1</nestedLevel>
</record>
<record>
  <date>2019-07-02T14:24:24</date>
  <millis>1562095464191</millis>
  <sequence>38</sequence>
  <level>END</level>
  <class>com.kms.katalon.core.logging.XmlKeywordLogger</class>
  <method>endKeyword</method>
  <thread>1</thread>
  <message>End action : setText(findTestObject(\&amp;quot;Object Repository/Page_iSiigo/txt_Usuario\&amp;quot;), \&amp;quot;administrador_650@emprendedor.com\&amp;quot;)</message>
  <nestedLevel>1</nestedLevel>
</record>
<record>
  <date>2019-07-02T14:24:24</date>
  <millis>1562095464191</millis>
  <sequence>39</sequence>
  <level>START</level>
  <class>com.kms.katalon.core.logging.XmlKeywordLogger</class>
  <method>startKeyword</method>
  <thread>1</thread>
  <message>Start action : setText(findTestObject(\&amp;quot;Object Repository/Page_iSiigo/txt_Contrasena\&amp;quot;), \&amp;quot;2222\&amp;quot;)</message>
  <nestedLevel>1</nestedLevel>
  <property name="startLine">23</property>
  <property name="stepIndex">4</property>
</record>
<record>
  <date>2019-07-02T14:24:24</date>
  <millis>1562095464417</millis>
  <sequence>48</sequence>
  <level>PASSED</level>
  <class>com.kms.katalon.core.logging.XmlKeywordLogger</class>
  <method>logMessage</method>
  <thread>1</thread>
  <message>Text &amp;apos;2222&amp;apos; is set on object &amp;apos;Object Repository/Page_iSiigo/txt_Contrasena&amp;apos;</message>
  <nestedLevel>1</nestedLevel>
</record>
<record>
  <date>2019-07-02T14:24:24</date>
  <millis>1562095464418</millis>
  <sequence>49</sequence>
  <level>END</level>
  <class>com.kms.katalon.core.logging.XmlKeywordLogger</class>
  <method>endKeyword</method>
  <thread>1</thread>
  <message>End action : setText(findTestObject(\&amp;quot;Object Repository/Page_iSiigo/txt_Contrasena\&amp;quot;), \&amp;quot;2222\&amp;quot;)</message>
  <nestedLevel>1</nestedLevel>
</record>
<record>
  <date>2019-07-02T14:24:24</date>
  <millis>1562095464419</millis>
  <sequence>50</sequence>
  <level>START</level>
  <class>com.kms.katalon.core.logging.XmlKeywordLogger</class>
  <method>startKeyword</method>
  <thread>1</thread>
  <message>Start action : click(findTestObject(\&amp;quot;Object Repository/Page_iSiigo/btn_Ingresar\&amp;quot;))</message>
  <nestedLevel>1</nestedLevel>
  <property name="startLine">25</property>
  <property name="stepIndex">5</property>
</record>
<record>
  <date>2019-07-02T14:24:36</date>
  <millis>1562095476934</millis>
  <sequence>57</sequence>
  <level>PASSED</level>
  <class>com.kms.katalon.core.logging.XmlKeywordLogger</class>
  <method>logMessage</method>
  <thread>1</thread>
  <message>Object: &amp;apos;Object Repository/Page_iSiigo/btn_Ingresar&amp;apos; is clicked on</message>
  <nestedLevel>1</nestedLevel>
</record>
<record>
  <date>2019-07-02T14:24:36</date>
  <millis>1562095476935</millis>
  <sequence>58</sequence>
  <level>END</level>
  <class>com.kms.katalon.core.logging.XmlKeywordLogger</class>
  <method>endKeyword</method>
  <thread>1</thread>
  <message>End action : click(findTestObject(\&amp;quot;Object Repository/Page_iSiigo/btn_Ingresar\&amp;quot;))</message>
  <nestedLevel>1</nestedLevel>
</record>
<record>
  <date>2019-07-02T14:24:36</date>
  <millis>1562095476935</millis>
  <sequence>59</sequence>
  <level>PASSED</level>
  <class>com.kms.katalon.core.logging.XmlKeywordLogger</class>
  <method>logMessage</method>
  <thread>1</thread>
  <message>Test Cases/TS_Login/TC_Login</message>
  <nestedLevel>1</nestedLevel>
</record>
<record>
  <date>2019-07-02T14:24:36</date>
  <millis>1562095476936</millis>
  <sequence>60</sequence>
  <level>END</level>
  <class>com.kms.katalon.core.logging.XmlKeywordLogger</class>
  <method>endTest</method>
  <thread>1</thread>
  <message>End Test Case : Test Cases/TS_Login/TC_Login</message>
  <nestedLevel>0</nestedLevel>
</record>
<record>
  <date>2019-07-02T14:24:36</date>
  <millis>1562095476944</millis>
  <sequence>61</sequence>
  <level>START</level>
  <class>com.kms.katalon.core.logging.XmlKeywordLogger</class>
  <method>startTest</method>
  <thread>1</thread>
  <message>Start Test Case : Test Cases/TS_Menu/TC_Menu</message>
  <nestedLevel>1</nestedLevel>
  <property name="name">Test Cases/TS_Menu/TC_Menu</property>
  <property name="description">TC_Menu</property>
  <property name="id">Test Cases/TS_Menu/TC_Menu</property>
  <property name="source">C:\\Users\\vale262268\\Katalon Studio\\TS_Comprobante_Contable\\Test Cases\\TS_Menu\\TC_Menu.tc</property>
  <property name="tag">CC</property>
  <property name="isOptional">false</property>
</record>
<record>
  <date>2019-07-02T14:24:37</date>
  <millis>1562095477455</millis>
  <sequence>63</sequence>
  <level>START</level>
  <class>com.kms.katalon.core.logging.XmlKeywordLogger</class>
  <method>startKeyword</method>
  <thread>1</thread>
  <message>Start action : click(findTestObject(\&amp;quot;Object Repository/Page_iSiigo/btn_Mas\&amp;quot;))</message>
  <nestedLevel>1</nestedLevel>
  <property name="startLine">16</property>
  <property name="stepIndex">1</property>
</record>
<record>
  <date>2019-07-02T14:24:45</date>
  <millis>1562095485414</millis>
  <sequence>70</sequence>
  <level>PASSED</level>
  <class>com.kms.katalon.core.logging.XmlKeywordLogger</class>
  <method>logMessage</method>
  <thread>1</thread>
  <message>Object: &amp;apos;Object Repository/Page_iSiigo/btn_Mas&amp;apos; is clicked on</message>
  <nestedLevel>1</nestedLevel>
</record>
<record>
  <date>2019-07-02T14:24:45</date>
  <millis>1562095485415</millis>
  <sequence>71</sequence>
  <level>END</level>
  <class>com.kms.katalon.core.logging.XmlKeywordLogger</class>
  <method>endKeyword</method>
  <thread>1</thread>
  <message>End action : click(findTestObject(\&amp;quot;Object Repository/Page_iSiigo/btn_Mas\&amp;quot;))</message>
  <nestedLevel>1</nestedLevel>
</record>
<record>
  <date>2019-07-02T14:24:45</date>
  <millis>1562095485415</millis>
  <sequence>72</sequence>
  <level>START</level>
  <class>com.kms.katalon.core.logging.XmlKeywordLogger</class>
  <method>startKeyword</method>
  <thread>1</thread>
  <message>Start action : click(findTestObject(\&amp;quot;Object Repository/Page_iSiigo/lnk_Comprobante contable\&amp;quot;), STOP_ON_FAILURE)</message>
  <nestedLevel>1</nestedLevel>
  <property name="startLine">18</property>
  <property name="stepIndex">2</property>
</record>
<record>
  <date>2019-07-02T14:24:45</date>
  <millis>1562095485972</millis>
  <sequence>79</sequence>
  <level>PASSED</level>
  <class>com.kms.katalon.core.logging.XmlKeywordLogger</class>
  <method>logMessage</method>
  <thread>1</thread>
  <message>Object: &amp;apos;Object Repository/Page_iSiigo/lnk_Comprobante contable&amp;apos; is clicked on</message>
  <nestedLevel>1</nestedLevel>
</record>
<record>
  <date>2019-07-02T14:24:45</date>
  <millis>1562095485973</millis>
  <sequence>80</sequence>
  <level>END</level>
  <class>com.kms.katalon.core.logging.XmlKeywordLogger</class>
  <method>endKeyword</method>
  <thread>1</thread>
  <message>End action : click(findTestObject(\&amp;quot;Object Repository/Page_iSiigo/lnk_Comprobante contable\&amp;quot;), STOP_ON_FAILURE)</message>
  <nestedLevel>1</nestedLevel>
</record>
<record>
  <date>2019-07-02T14:24:45</date>
  <millis>1562095485973</millis>
  <sequence>81</sequence>
  <level>START</level>
  <class>com.kms.katalon.core.logging.XmlKeywordLogger</class>
  <method>startKeyword</method>
  <thread>1</thread>
  <message>Start action : verifyElementPresent(findTestObject(\&amp;quot;Object Repository/Page_iSiigo/btn_Guardar\&amp;quot;), 10)</message>
  <nestedLevel>1</nestedLevel>
  <property name="startLine">20</property>
  <property name="stepIndex">3</property>
</record>
<record>
  <date>2019-07-02T14:24:46</date>
  <millis>1562095486854</millis>
  <sequence>87</sequence>
  <level>PASSED</level>
  <class>com.kms.katalon.core.logging.XmlKeywordLogger</class>
  <method>logMessage</method>
  <thread>1</thread>
  <message>Object &amp;apos;Object Repository/Page_iSiigo/btn_Guardar&amp;apos; is present</message>
  <nestedLevel>1</nestedLevel>
</record>
<record>
  <date>2019-07-02T14:24:46</date>
  <millis>1562095486855</millis>
  <sequence>88</sequence>
  <level>END</level>
  <class>com.kms.katalon.core.logging.XmlKeywordLogger</class>
  <method>endKeyword</method>
  <thread>1</thread>
  <message>End action : verifyElementPresent(findTestObject(\&amp;quot;Object Repository/Page_iSiigo/btn_Guardar\&amp;quot;), 10)</message>
  <nestedLevel>1</nestedLevel>
</record>
<record>
  <date>2019-07-02T14:24:46</date>
  <millis>1562095486855</millis>
  <sequence>89</sequence>
  <level>PASSED</level>
  <class>com.kms.katalon.core.logging.XmlKeywordLogger</class>
  <method>logMessage</method>
  <thread>1</thread>
  <message>Test Cases/TS_Menu/TC_Menu</message>
  <nestedLevel>1</nestedLevel>
</record>
<record>
  <date>2019-07-02T14:24:46</date>
  <millis>1562095486856</millis>
  <sequence>90</sequence>
  <level>END</level>
  <class>com.kms.katalon.core.logging.XmlKeywordLogger</class>
  <method>endTest</method>
  <thread>1</thread>
  <message>End Test Case : Test Cases/TS_Menu/TC_Menu</message>
  <nestedLevel>0</nestedLevel>
</record>
<record>
  <date>2019-07-02T14:24:46</date>
  <millis>1562095486862</millis>
  <sequence>91</sequence>
  <level>START</level>
  <class>com.kms.katalon.core.logging.XmlKeywordLogger</class>
  <method>startTest</method>
  <thread>1</thread>
  <message>Start Test Case : Test Cases/TS_CC/TS_CC_Crea_Enca/TC_CC_Crea_Enca</message>
  <nestedLevel>1</nestedLevel>
  <property name="name">Test Cases/TS_CC/TS_CC_Crea_Enca/TC_CC_Crea_Enca</property>
  <property name="description"></property>
  <property name="id">Test Cases/TS_CC/TS_CC_Crea_Enca/TC_CC_Crea_Enca</property>
  <property name="source">C:\\Users\\vale262268\\Katalon Studio\\TS_Comprobante_Contable\\Test Cases\\TS_CC\\TS_CC_Crea_Enca\\TC_CC_Crea_Enca.tc</property>
  <property name="tag">CC</property>
  <property name="isOptional">false</property>
</record>
<record>
  <date>2019-07-02T14:24:46</date>
  <millis>1562095486879</millis>
  <sequence>93</sequence>
  <level>INFO</level>
  <class>com.kms.katalon.core.logging.XmlKeywordLogger</class>
  <method>logMessage</method>
  <thread>1</thread>
  <message>XLS_No_Comprobante = 21</message>
  <nestedLevel>1</nestedLevel>
</record>
<record>
  <date>2019-07-02T14:24:46</date>
  <millis>1562095486880</millis>
  <sequence>94</sequence>
  <level>INFO</level>
  <class>com.kms.katalon.core.logging.XmlKeywordLogger</class>
  <method>logMessage</method>
  <thread>1</thread>
  <message>XLS_Tipo_Comprobante = CC-2 - Depreciaci\u00F3n</message>
  <nestedLevel>1</nestedLevel>
</record>
<record>
  <date>2019-07-02T14:24:46</date>
  <millis>1562095486880</millis>
  <sequence>95</sequence>
  <level>INFO</level>
  <class>com.kms.katalon.core.logging.XmlKeywordLogger</class>
  <method>logMessage</method>
  <thread>1</thread>
  <message>XLS_Maneja_Numeracion_Automatica = SI</message>
  <nestedLevel>1</nestedLevel>
</record>
<record>
  <date>2019-07-02T14:24:46</date>
  <millis>1562095486881</millis>
  <sequence>96</sequence>
  <level>INFO</level>
  <class>com.kms.katalon.core.logging.XmlKeywordLogger</class>
  <method>logMessage</method>
  <thread>1</thread>
  <message>XLS_Numero_Documento = 200</message>
  <nestedLevel>1</nestedLevel>
</record>
<record>
  <date>2019-07-02T14:24:46</date>
  <millis>1562095486881</millis>
  <sequence>97</sequence>
  <level>INFO</level>
  <class>com.kms.katalon.core.logging.XmlKeywordLogger</class>
  <method>logMessage</method>
  <thread>1</thread>
  <message>XLS_Digita_Valida = Valida</message>
  <nestedLevel>1</nestedLevel>
</record>
<record>
  <date>2019-07-02T14:24:46</date>
  <millis>1562095486882</millis>
  <sequence>98</sequence>
  <level>INFO</level>
  <class>com.kms.katalon.core.logging.XmlKeywordLogger</class>
  <method>logMessage</method>
  <thread>1</thread>
  <message>XLS_Fecha_Ano = 2018</message>
  <nestedLevel>1</nestedLevel>
</record>
<record>
  <date>2019-07-02T14:24:46</date>
  <millis>1562095486882</millis>
  <sequence>99</sequence>
  <level>INFO</level>
  <class>com.kms.katalon.core.logging.XmlKeywordLogger</class>
  <method>logMessage</method>
  <thread>1</thread>
  <message>XLS_Fecha_Mes = 4</message>
  <nestedLevel>1</nestedLevel>
</record>
<record>
  <date>2019-07-02T14:24:46</date>
  <millis>1562095486883</millis>
  <sequence>100</sequence>
  <level>INFO</level>
  <class>com.kms.katalon.core.logging.XmlKeywordLogger</class>
  <method>logMessage</method>
  <thread>1</thread>
  <message>XLS_Fecha_Dia = 1</message>
  <nestedLevel>1</nestedLevel>
</record>
<record>
  <date>2019-07-02T14:24:46</date>
  <millis>1562095486883</millis>
  <sequence>101</sequence>
  <level>INFO</level>
  <class>com.kms.katalon.core.logging.XmlKeywordLogger</class>
  <method>logMessage</method>
  <thread>1</thread>
  <message>XLS_Maneja_Moneda_Extranjera = SI</message>
  <nestedLevel>1</nestedLevel>
</record>
<record>
  <date>2019-07-02T14:24:46</date>
  <millis>1562095486883</millis>
  <sequence>102</sequence>
  <level>INFO</level>
  <class>com.kms.katalon.core.logging.XmlKeywordLogger</class>
  <method>logMessage</method>
  <thread>1</thread>
  <message>XLS_Moneda_Extranjera = USD</message>
  <nestedLevel>1</nestedLevel>
</record>
<record>
  <date>2019-07-02T14:24:46</date>
  <millis>1562095486884</millis>
  <sequence>103</sequence>
  <level>INFO</level>
  <class>com.kms.katalon.core.logging.XmlKeywordLogger</class>
  <method>logMessage</method>
  <thread>1</thread>
  <message>XLS_Valor_Tasa_Extranjera = 2990,13</message>
  <nestedLevel>1</nestedLevel>
</record>
<record>
  <date>2019-07-02T14:24:47</date>
  <millis>1562095487765</millis>
  <sequence>104</sequence>
  <level>START</level>
  <class>com.kms.katalon.core.logging.XmlKeywordLogger</class>
  <method>startKeyword</method>
  <thread>1</thread>
  <message>Start action : Var_Global_No_Comp = XLS_No_Comprobante</message>
  <nestedLevel>1</nestedLevel>
  <property name="startLine">17</property>
  <property name="stepIndex">1</property>
</record>
<record>
  <date>2019-07-02T14:24:48</date>
  <millis>1562095488006</millis>
  <sequence>105</sequence>
  <level>END</level>
  <class>com.kms.katalon.core.logging.XmlKeywordLogger</class>
  <method>endKeyword</method>
  <thread>1</thread>
  <message>End action : Var_Global_No_Comp = XLS_No_Comprobante</message>
  <nestedLevel>1</nestedLevel>
</record>
<record>
  <date>2019-07-02T14:24:48</date>
  <millis>1562095488006</millis>
  <sequence>106</sequence>
  <level>START</level>
  <class>com.kms.katalon.core.logging.XmlKeywordLogger</class>
  <method>startKeyword</method>
  <thread>1</thread>
  <message>Start action : if (Var_Global_No_Comp == \&amp;quot;21\&amp;quot;)</message>
  <nestedLevel>1</nestedLevel>
  <property name="startLine">19</property>
  <property name="stepIndex">2</property>
</record>
<record>
  <date>2019-07-02T14:24:48</date>
  <millis>1562095488008</millis>
  <sequence>107</sequence>
  <level>START</level>
  <class>com.kms.katalon.core.logging.XmlKeywordLogger</class>
  <method>startKeyword</method>
  <thread>1</thread>
  <message>Start action : comment(\&amp;quot;Es igual\&amp;quot;)</message>
  <nestedLevel>2</nestedLevel>
  <property name="startLine">20</property>
  <property name="stepIndex">1</property>
</record>
<record>
  <date>2019-07-02T14:24:48</date>
  <millis>1562095488063</millis>
  <sequence>108</sequence>
  <level>INFO</level>
  <class>com.kms.katalon.core.logging.XmlKeywordLogger</class>
  <method>logMessage</method>
  <thread>1</thread>
  <message>Es igual</message>
  <nestedLevel>1</nestedLevel>
</record>
<record>
  <date>2019-07-02T14:24:48</date>
  <millis>1562095488064</millis>
  <sequence>109</sequence>
  <level>END</level>
  <class>com.kms.katalon.core.logging.XmlKeywordLogger</class>
  <method>endKeyword</method>
  <thread>1</thread>
  <message>End action : comment(\&amp;quot;Es igual\&amp;quot;)</message>
  <nestedLevel>2</nestedLevel>
</record>
<record>
  <date>2019-07-02T14:24:48</date>
  <millis>1562095488065</millis>
  <sequence>110</sequence>
  <level>END</level>
  <class>com.kms.katalon.core.logging.XmlKeywordLogger</class>
  <method>endKeyword</method>
  <thread>1</thread>
  <message>End action : if (Var_Global_No_Comp == \&amp;quot;21\&amp;quot;)</message>
  <nestedLevel>1</nestedLevel>
</record>
<record>
  <date>2019-07-02T14:24:48</date>
  <millis>1562095488066</millis>
  <sequence>111</sequence>
  <level>START</level>
  <class>com.kms.katalon.core.logging.XmlKeywordLogger</class>
  <method>startKeyword</method>
  <thread>1</thread>
  <message>Start action : click(findTestObject(\&amp;quot;Page_iSiigo/set_Tipo_Comprobante\&amp;quot;))</message>
  <nestedLevel>1</nestedLevel>
  <property name="startLine">25</property>
  <property name="stepIndex">4</property>
</record>
<record>
  <date>2019-07-02T14:24:48</date>
  <millis>1562095488499</millis>
  <sequence>118</sequence>
  <level>PASSED</level>
  <class>com.kms.katalon.core.logging.XmlKeywordLogger</class>
  <method>logMessage</method>
  <thread>1</thread>
  <message>Object: &amp;apos;Object Repository/Page_iSiigo/set_Tipo_Comprobante&amp;apos; is clicked on</message>
  <nestedLevel>1</nestedLevel>
</record>
<record>
  <date>2019-07-02T14:24:48</date>
  <millis>1562095488500</millis>
  <sequence>119</sequence>
  <level>END</level>
  <class>com.kms.katalon.core.logging.XmlKeywordLogger</class>
  <method>endKeyword</method>
  <thread>1</thread>
  <message>End action : click(findTestObject(\&amp;quot;Page_iSiigo/set_Tipo_Comprobante\&amp;quot;))</message>
  <nestedLevel>1</nestedLevel>
</record>
<record>
  <date>2019-07-02T14:24:48</date>
  <millis>1562095488501</millis>
  <sequence>120</sequence>
  <level>START</level>
  <class>com.kms.katalon.core.logging.XmlKeywordLogger</class>
  <method>startKeyword</method>
  <thread>1</thread>
  <message>Start action : delay(2)</message>
  <nestedLevel>1</nestedLevel>
  <property name="startLine">27</property>
  <property name="stepIndex">5</property>
</record>
<record>
  <date>2019-07-02T14:24:50</date>
  <millis>1562095490514</millis>
  <sequence>122</sequence>
  <level>PASSED</level>
  <class>com.kms.katalon.core.logging.XmlKeywordLogger</class>
  <method>logMessage</method>
  <thread>1</thread>
  <message>Delayed 2 second(s)</message>
  <nestedLevel>1</nestedLevel>
</record>
<record>
  <date>2019-07-02T14:24:50</date>
  <millis>1562095490515</millis>
  <sequence>123</sequence>
  <level>END</level>
  <class>com.kms.katalon.core.logging.XmlKeywordLogger</class>
  <method>endKeyword</method>
  <thread>1</thread>
  <message>End action : delay(2)</message>
  <nestedLevel>1</nestedLevel>
</record>
<record>
  <date>2019-07-02T14:24:50</date>
  <millis>1562095490515</millis>
  <sequence>124</sequence>
  <level>START</level>
  <class>com.kms.katalon.core.logging.XmlKeywordLogger</class>
  <method>startKeyword</method>
  <thread>1</thread>
  <message>Start action : sendKeys(findTestObject(\&amp;quot;Page_iSiigo/set_Tipo_Comprobante\&amp;quot;), XLS_Tipo_Comprobante)</message>
  <nestedLevel>1</nestedLevel>
  <property name="startLine">29</property>
  <property name="stepIndex">6</property>
</record>
<record>
  <date>2019-07-02T14:24:50</date>
  <millis>1562095490749</millis>
  <sequence>130</sequence>
  <level>PASSED</level>
  <class>com.kms.katalon.core.logging.XmlKeywordLogger</class>
  <method>logMessage</method>
  <thread>1</thread>
  <message>Keys &amp;apos;CC-2 - Depreciaci\u00F3n&amp;apos; sent to object: &amp;apos;Object Repository/Page_iSiigo/set_Tipo_Comprobante&amp;apos;</message>
  <nestedLevel>1</nestedLevel>
</record>
<record>
  <date>2019-07-02T14:24:50</date>
  <millis>1562095490749</millis>
  <sequence>131</sequence>
  <level>END</level>
  <class>com.kms.katalon.core.logging.XmlKeywordLogger</class>
  <method>endKeyword</method>
  <thread>1</thread>
  <message>End action : sendKeys(findTestObject(\&amp;quot;Page_iSiigo/set_Tipo_Comprobante\&amp;quot;), XLS_Tipo_Comprobante)</message>
  <nestedLevel>1</nestedLevel>
</record>
<record>
  <date>2019-07-02T14:24:50</date>
  <millis>1562095490750</millis>
  <sequence>132</sequence>
  <level>START</level>
  <class>com.kms.katalon.core.logging.XmlKeywordLogger</class>
  <method>startKeyword</method>
  <thread>1</thread>
  <message>Start action : sendKeys(findTestObject(\&amp;quot;Page_iSiigo/set_Tipo_Comprobante\&amp;quot;), Keys.chord(ENTER))</message>
  <nestedLevel>1</nestedLevel>
  <property name="startLine">31</property>
  <property name="stepIndex">7</property>
</record>
<record>
  <date>2019-07-02T14:24:50</date>
  <millis>1562095490939</millis>
  <sequence>138</sequence>
  <level>PASSED</level>
  <class>com.kms.katalon.core.logging.XmlKeywordLogger</class>
  <method>logMessage</method>
  <thread>1</thread>
  <message>Keys &amp;apos;ENTER + &amp;apos; sent to object: &amp;apos;Object Repository/Page_iSiigo/set_Tipo_Comprobante&amp;apos;</message>
  <nestedLevel>1</nestedLevel>
</record>
<record>
  <date>2019-07-02T14:24:50</date>
  <millis>1562095490941</millis>
  <sequence>139</sequence>
  <level>END</level>
  <class>com.kms.katalon.core.logging.XmlKeywordLogger</class>
  <method>endKeyword</method>
  <thread>1</thread>
  <message>End action : sendKeys(findTestObject(\&amp;quot;Page_iSiigo/set_Tipo_Comprobante\&amp;quot;), Keys.chord(ENTER))</message>
  <nestedLevel>1</nestedLevel>
</record>
<record>
  <date>2019-07-02T14:24:50</date>
  <millis>1562095490942</millis>
  <sequence>140</sequence>
  <level>START</level>
  <class>com.kms.katalon.core.logging.XmlKeywordLogger</class>
  <method>startKeyword</method>
  <thread>1</thread>
  <message>Start action : click(findTestObject(\&amp;quot;Page_iSiigo/txt_Fecha_Ano\&amp;quot;))</message>
  <nestedLevel>1</nestedLevel>
  <property name="startLine">33</property>
  <property name="stepIndex">8</property>
</record>
<record>
  <date>2019-07-02T14:24:51</date>
  <millis>1562095491229</millis>
  <sequence>147</sequence>
  <level>PASSED</level>
  <class>com.kms.katalon.core.logging.XmlKeywordLogger</class>
  <method>logMessage</method>
  <thread>1</thread>
  <message>Object: &amp;apos;Object Repository/Page_iSiigo/txt_Fecha_Ano&amp;apos; is clicked on</message>
  <nestedLevel>1</nestedLevel>
</record>
<record>
  <date>2019-07-02T14:24:51</date>
  <millis>1562095491230</millis>
  <sequence>148</sequence>
  <level>END</level>
  <class>com.kms.katalon.core.logging.XmlKeywordLogger</class>
  <method>endKeyword</method>
  <thread>1</thread>
  <message>End action : click(findTestObject(\&amp;quot;Page_iSiigo/txt_Fecha_Ano\&amp;quot;))</message>
  <nestedLevel>1</nestedLevel>
</record>
<record>
  <date>2019-07-02T14:24:51</date>
  <millis>1562095491230</millis>
  <sequence>149</sequence>
  <level>START</level>
  <class>com.kms.katalon.core.logging.XmlKeywordLogger</class>
  <method>startKeyword</method>
  <thread>1</thread>
  <message>Start action : sendKeys(findTestObject(\&amp;quot;Page_iSiigo/txt_Fecha_Ano\&amp;quot;), Keys.chord(BACK_SPACE, BACK_SPACE, BACK_SPACE, BACK_SPACE))</message>
  <nestedLevel>1</nestedLevel>
  <property name="startLine">35</property>
  <property name="stepIndex">9</property>
</record>
<record>
  <date>2019-07-02T14:24:51</date>
  <millis>1562095491463</millis>
  <sequence>155</sequence>
  <level>PASSED</level>
  <class>com.kms.katalon.core.logging.XmlKeywordLogger</class>
  <method>logMessage</method>
  <thread>1</thread>
  <message>Keys &amp;apos;BACK_SPACE + BACK_SPACE + BACK_SPACE + BACK_SPACE + &amp;apos; sent to object: &amp;apos;Object Repository/Page_iSiigo/txt_Fecha_Ano&amp;apos;</message>
  <nestedLevel>1</nestedLevel>
</record>
<record>
  <date>2019-07-02T14:24:51</date>
  <millis>1562095491464</millis>
  <sequence>156</sequence>
  <level>END</level>
  <class>com.kms.katalon.core.logging.XmlKeywordLogger</class>
  <method>endKeyword</method>
  <thread>1</thread>
  <message>End action : sendKeys(findTestObject(\&amp;quot;Page_iSiigo/txt_Fecha_Ano\&amp;quot;), Keys.chord(BACK_SPACE, BACK_SPACE, BACK_SPACE, BACK_SPACE))</message>
  <nestedLevel>1</nestedLevel>
</record>
<record>
  <date>2019-07-02T14:24:51</date>
  <millis>1562095491464</millis>
  <sequence>157</sequence>
  <level>START</level>
  <class>com.kms.katalon.core.logging.XmlKeywordLogger</class>
  <method>startKeyword</method>
  <thread>1</thread>
  <message>Start action : sendKeys(findTestObject(\&amp;quot;Page_iSiigo/txt_Fecha_Ano\&amp;quot;), XLS_Fecha_Ano)</message>
  <nestedLevel>1</nestedLevel>
  <property name="startLine">38</property>
  <property name="stepIndex">10</property>
</record>
<record>
  <date>2019-07-02T14:24:51</date>
  <millis>1562095491669</millis>
  <sequence>163</sequence>
  <level>PASSED</level>
  <class>com.kms.katalon.core.logging.XmlKeywordLogger</class>
  <method>logMessage</method>
  <thread>1</thread>
  <message>Keys &amp;apos;2018&amp;apos; sent to object: &amp;apos;Object Repository/Page_iSiigo/txt_Fecha_Ano&amp;apos;</message>
  <nestedLevel>1</nestedLevel>
</record>
<record>
  <date>2019-07-02T14:24:51</date>
  <millis>1562095491670</millis>
  <sequence>164</sequence>
  <level>END</level>
  <class>com.kms.katalon.core.logging.XmlKeywordLogger</class>
  <method>endKeyword</method>
  <thread>1</thread>
  <message>End action : sendKeys(findTestObject(\&amp;quot;Page_iSiigo/txt_Fecha_Ano\&amp;quot;), XLS_Fecha_Ano)</message>
  <nestedLevel>1</nestedLevel>
</record>
<record>
  <date>2019-07-02T14:24:51</date>
  <millis>1562095491670</millis>
  <sequence>165</sequence>
  <level>START</level>
  <class>com.kms.katalon.core.logging.XmlKeywordLogger</class>
  <method>startKeyword</method>
  <thread>1</thread>
  <message>Start action : selectOptionByValue(findTestObject(\&amp;quot;Page_iSiigo/set_Fecha_Mes\&amp;quot;), XLS_Fecha_Mes, true)</message>
  <nestedLevel>1</nestedLevel>
  <property name="startLine">40</property>
  <property name="stepIndex">11</property>
</record>
<record>
  <date>2019-07-02T14:24:52</date>
  <millis>1562095492293</millis>
  <sequence>174</sequence>
  <level>PASSED</level>
  <class>com.kms.katalon.core.logging.XmlKeywordLogger</class>
  <method>logMessage</method>
  <thread>1</thread>
  <message>All options with value &amp;apos;4&amp;apos; are selected in object &amp;apos;Object Repository/Page_iSiigo/set_Fecha_Mes&amp;apos;  using regular expression</message>
  <nestedLevel>1</nestedLevel>
</record>
<record>
  <date>2019-07-02T14:24:52</date>
  <millis>1562095492294</millis>
  <sequence>175</sequence>
  <level>END</level>
  <class>com.kms.katalon.core.logging.XmlKeywordLogger</class>
  <method>endKeyword</method>
  <thread>1</thread>
  <message>End action : selectOptionByValue(findTestObject(\&amp;quot;Page_iSiigo/set_Fecha_Mes\&amp;quot;), XLS_Fecha_Mes, true)</message>
  <nestedLevel>1</nestedLevel>
</record>
<record>
  <date>2019-07-02T14:24:52</date>
  <millis>1562095492294</millis>
  <sequence>176</sequence>
  <level>START</level>
  <class>com.kms.katalon.core.logging.XmlKeywordLogger</class>
  <method>startKeyword</method>
  <thread>1</thread>
  <message>Start action : sendKeys(findTestObject(\&amp;quot;Page_iSiigo/set_Fecha_Dia\&amp;quot;), XLS_Fecha_Dia, STOP_ON_FAILURE)</message>
  <nestedLevel>1</nestedLevel>
  <property name="startLine">42</property>
  <property name="stepIndex">12</property>
</record>
<record>
  <date>2019-07-02T14:24:52</date>
  <millis>1562095492434</millis>
  <sequence>182</sequence>
  <level>PASSED</level>
  <class>com.kms.katalon.core.logging.XmlKeywordLogger</class>
  <method>logMessage</method>
  <thread>1</thread>
  <message>Keys &amp;apos;1&amp;apos; sent to object: &amp;apos;Object Repository/Page_iSiigo/set_Fecha_Dia&amp;apos;</message>
  <nestedLevel>1</nestedLevel>
</record>
<record>
  <date>2019-07-02T14:24:52</date>
  <millis>1562095492435</millis>
  <sequence>183</sequence>
  <level>END</level>
  <class>com.kms.katalon.core.logging.XmlKeywordLogger</class>
  <method>endKeyword</method>
  <thread>1</thread>
  <message>End action : sendKeys(findTestObject(\&amp;quot;Page_iSiigo/set_Fecha_Dia\&amp;quot;), XLS_Fecha_Dia, STOP_ON_FAILURE)</message>
  <nestedLevel>1</nestedLevel>
</record>
<record>
  <date>2019-07-02T14:24:52</date>
  <millis>1562095492435</millis>
  <sequence>184</sequence>
  <level>START</level>
  <class>com.kms.katalon.core.logging.XmlKeywordLogger</class>
  <method>startKeyword</method>
  <thread>1</thread>
  <message>Start action : verifyElementPresent(findTestObject(\&amp;quot;Page_iSiigo/lbl_Numeracion Automtica\&amp;quot;), 0)</message>
  <nestedLevel>1</nestedLevel>
  <property name="startLine">44</property>
  <property name="stepIndex">13</property>
</record>
<record>
  <date>2019-07-02T14:24:52</date>
  <millis>1562095492449</millis>
  <sequence>188</sequence>
  <level>WARNING</level>
  <class>com.kms.katalon.core.logging.XmlKeywordLogger</class>
  <method>logMessage</method>
  <thread>1</thread>
  <message>Timeout &amp;apos;0&amp;apos; is invalid. Using default page load timeout: &amp;apos;30&amp;apos;</message>
  <nestedLevel>1</nestedLevel>
</record>
<record>
  <date>2019-07-02T14:24:52</date>
  <millis>1562095492517</millis>
  <sequence>191</sequence>
  <level>PASSED</level>
  <class>com.kms.katalon.core.logging.XmlKeywordLogger</class>
  <method>logMessage</method>
  <thread>1</thread>
  <message>Object &amp;apos;Object Repository/Page_iSiigo/lbl_Numeracion Automtica&amp;apos; is present</message>
  <nestedLevel>1</nestedLevel>
</record>
<record>
  <date>2019-07-02T14:24:52</date>
  <millis>1562095492517</millis>
  <sequence>192</sequence>
  <level>END</level>
  <class>com.kms.katalon.core.logging.XmlKeywordLogger</class>
  <method>endKeyword</method>
  <thread>1</thread>
  <message>End action : verifyElementPresent(findTestObject(\&amp;quot;Page_iSiigo/lbl_Numeracion Automtica\&amp;quot;), 0)</message>
  <nestedLevel>1</nestedLevel>
</record>
<record>
  <date>2019-07-02T14:24:52</date>
  <millis>1562095492518</millis>
  <sequence>193</sequence>
  <level>START</level>
  <class>com.kms.katalon.core.logging.XmlKeywordLogger</class>
  <method>startKeyword</method>
  <thread>1</thread>
  <message>Start action : if (XLS_Maneja_Moneda_Extranjera.equals(\&amp;quot;SI\&amp;quot;))</message>
  <nestedLevel>1</nestedLevel>
  <property name="startLine">46</property>
  <property name="stepIndex">14</property>
</record>
<record>
  <date>2019-07-02T14:24:52</date>
  <millis>1562095492520</millis>
  <sequence>194</sequence>
  <level>START</level>
  <class>com.kms.katalon.core.logging.XmlKeywordLogger</class>
  <method>startKeyword</method>
  <thread>1</thread>
  <message>Start action : selectOptionByValue(findTestObject(\&amp;quot;Page_iSiigo/set_Moneda_Extrajera\&amp;quot;), XLS_Moneda_Extranjera, true)</message>
  <nestedLevel>2</nestedLevel>
  <property name="startLine">47</property>
  <property name="stepIndex">1</property>
</record>
<record>
  <date>2019-07-02T14:24:52</date>
  <millis>1562095492983</millis>
  <sequence>203</sequence>
  <level>PASSED</level>
  <class>com.kms.katalon.core.logging.XmlKeywordLogger</class>
  <method>logMessage</method>
  <thread>1</thread>
  <message>All options with value &amp;apos;USD&amp;apos; are selected in object &amp;apos;Object Repository/Page_iSiigo/set_Moneda_Extrajera&amp;apos;  using regular expression</message>
  <nestedLevel>1</nestedLevel>
</record>
<record>
  <date>2019-07-02T14:24:52</date>
  <millis>1562095492984</millis>
  <sequence>204</sequence>
  <level>END</level>
  <class>com.kms.katalon.core.logging.XmlKeywordLogger</class>
  <method>endKeyword</method>
  <thread>1</thread>
  <message>End action : selectOptionByValue(findTestObject(\&amp;quot;Page_iSiigo/set_Moneda_Extrajera\&amp;quot;), XLS_Moneda_Extranjera, true)</message>
  <nestedLevel>2</nestedLevel>
</record>
<record>
  <date>2019-07-02T14:24:52</date>
  <millis>1562095492984</millis>
  <sequence>205</sequence>
  <level>END</level>
  <class>com.kms.katalon.core.logging.XmlKeywordLogger</class>
  <method>endKeyword</method>
  <thread>1</thread>
  <message>End action : if (XLS_Maneja_Moneda_Extranjera.equals(\&amp;quot;SI\&amp;quot;))</message>
  <nestedLevel>1</nestedLevel>
</record>
<record>
  <date>2019-07-02T14:24:52</date>
  <millis>1562095492984</millis>
  <sequence>206</sequence>
  <level>PASSED</level>
  <class>com.kms.katalon.core.logging.XmlKeywordLogger</class>
  <method>logMessage</method>
  <thread>1</thread>
  <message>Test Cases/TS_CC/TS_CC_Crea_Enca/TC_CC_Crea_Enca</message>
  <nestedLevel>1</nestedLevel>
</record>
<record>
  <date>2019-07-02T14:24:52</date>
  <millis>1562095492985</millis>
  <sequence>207</sequence>
  <level>END</level>
  <class>com.kms.katalon.core.logging.XmlKeywordLogger</class>
  <method>endTest</method>
  <thread>1</thread>
  <message>End Test Case : Test Cases/TS_CC/TS_CC_Crea_Enca/TC_CC_Crea_Enca</message>
  <nestedLevel>0</nestedLevel>
</record>
<record>
  <date>2019-07-02T14:24:54</date>
  <millis>1562095494200</millis>
  <sequence>208</sequence>
  <level>END</level>
  <class>com.kms.katalon.core.logging.XmlKeywordLogger</class>
  <method>endSuite</method>
  <thread>1</thread>
  <message>End Test Suite : Test Suites/Pruebas</message>
  <nestedLevel>0</nestedLevel>
</record>
</log>
